::1 - - [07/Aug/2022:19:50:49 +0000] "POST /api/vvgnli/v1/upload HTTP/1.1" 500 1777
::1 - - [07/Aug/2022:19:51:59 +0000] "POST /api/vvgnli/v1/upload HTTP/1.1" 500 1777
::1 - - [07/Aug/2022:19:53:36 +0000] "POST /api/vvgnli/v1/upload HTTP/1.1" 500 1779
::1 - - [07/Aug/2022:19:54:11 +0000] "POST /api/vvgnli/v1/upload HTTP/1.1" 400 47
::1 - - [07/Aug/2022:19:55:51 +0000] "POST /api/vvgnli/v1/upload HTTP/1.1" 500 1777
::1 - - [07/Aug/2022:19:56:30 +0000] "POST /api/vvgnli/v1/upload HTTP/1.1" 500 1777
::1 - - [07/Aug/2022:19:58:03 +0000] "POST /api/vvgnli/v1/upload HTTP/1.1" 400 47
::1 - - [07/Aug/2022:20:02:20 +0000] "POST /api/vvgnli/v1/upload HTTP/1.1" 500 1779
::1 - - [07/Aug/2022:20:02:47 +0000] "POST /api/vvgnli/v1/upload HTTP/1.1" 400 47
::1 - - [07/Aug/2022:20:04:20 +0000] "POST /api/vvgnli/v1/upload HTTP/1.1" 200 147
::1 - - [07/Aug/2022:20:05:03 +0000] "POST /api/vvgnli/v1/upload HTTP/1.1" 200 190
::1 - - [07/Aug/2022:20:05:18 +0000] "POST /api/vvgnli/v1/upload HTTP/1.1" 200 233
::1 - - [07/Aug/2022:20:10:45 +0000] "GET /api/vvgnli/v1/getPendingPhotos HTTP/1.1" 201 99
::1 - - [07/Aug/2022:20:11:13 +0000] "GET /api/vvgnli/v1/getPendingVideos HTTP/1.1" 201 99
::1 - - [07/Aug/2022:20:11:41 +0000] "GET /api/vvgnli/v1/getApprovedPhotos HTTP/1.1" 201 100
::1 - - [07/Aug/2022:20:12:00 +0000] "GET /api/vvgnli/v1/getApprovedVideos HTTP/1.1" 200 100
::1 - - [07/Aug/2022:20:12:27 +0000] "GET /api/vvgnli/v1/getCommentsOnPost HTTP/1.1" 400 54
::1 - - [07/Aug/2022:20:13:30 +0000] "GET /api/vvgnli/v1/getCommentsOnPost?mediaId= HTTP/1.1" 400 54
::1 - - [07/Aug/2022:20:14:00 +0000] "GET /api/vvgnli/v1/getCommentsOnPost?mediaId=thisisarandommediaid HTTP/1.1" 201 100
::1 - - [07/Aug/2022:20:15:06 +0000] "GET /api/vvgnli/v1/getLikedPosts HTTP/1.1" 400 58
::1 - - [07/Aug/2022:20:15:46 +0000] "GET /api/vvgnli/v1/getLikedPosts HTTP/1.1" 400 66
::1 - - [07/Aug/2022:20:16:02 +0000] "GET /api/vvgnli/v1/getLikedPosts?userId=akgarg0472 HTTP/1.1" 200 96
::1 - - [07/Aug/2022:20:16:33 +0000] "GET /api/vvgnli/v1/getLikedPosts?userId=90322a558c65cb8d HTTP/1.1" 200 96
::1 - - [07/Aug/2022:20:19:15 +0000] "GET /api/vvgnli/v1/postHandle HTTP/1.1" 404 81
::1 - - [07/Aug/2022:20:19:19 +0000] "POST /api/vvgnli/v1/postHandle HTTP/1.1" 400 54
::1 - - [07/Aug/2022:20:20:11 +0000] "POST /api/vvgnli/v1/postHandle HTTP/1.1" 400 54
::1 - - [07/Aug/2022:20:21:14 +0000] "POST /api/vvgnli/v1/postHandle HTTP/1.1" 400 54
::1 - - [07/Aug/2022:20:21:15 +0000] "POST /api/vvgnli/v1/postHandle HTTP/1.1" 400 54
::1 - - [07/Aug/2022:20:21:15 +0000] "POST /api/vvgnli/v1/postHandle HTTP/1.1" 400 54
::1 - - [07/Aug/2022:20:21:16 +0000] "POST /api/vvgnli/v1/postHandle HTTP/1.1" 400 54
::1 - - [07/Aug/2022:20:21:31 +0000] "POST /api/vvgnli/v1/postHandle HTTP/1.1" 400 54
::1 - - [07/Aug/2022:20:22:33 +0000] "POST /api/vvgnli/v1/postHandle HTTP/1.1" 400 54
::1 - - [07/Aug/2022:20:22:35 +0000] "POST /api/vvgnli/v1/postHandle HTTP/1.1" 400 54
::1 - - [07/Aug/2022:20:26:09 +0000] "POST /api/vvgnli/v1/postHandle HTTP/1.1" 400 41
::1 - - [07/Aug/2022:20:26:44 +0000] "POST /api/vvgnli/v1/postHandle HTTP/1.1" 201 111
::1 - - [07/Aug/2022:20:27:48 +0000] "POST /api/vvgnli/v1/updatePostStatus HTTP/1.1" 400 61
::1 - - [07/Aug/2022:20:30:50 +0000] "POST /api/vvgnli/v1/updatePostStatus HTTP/1.1" 400 61
::1 - - [07/Aug/2022:20:30:58 +0000] "POST /api/vvgnli/v1/updatePostStatus HTTP/1.1" 400 61
::1 - - [07/Aug/2022:20:31:16 +0000] "POST /api/vvgnli/v1/updatePostStatus HTTP/1.1" 201 87
::1 - - [07/Aug/2022:20:31:58 +0000] "POST /api/vvgnli/v1/updatePostStatus HTTP/1.1" 201 87
::1 - - [07/Aug/2022:20:31:59 +0000] "POST /api/vvgnli/v1/updatePostStatus HTTP/1.1" 201 87
::1 - - [07/Aug/2022:20:32:35 +0000] "POST /api/vvgnli/v1/updatePostStatus HTTP/1.1" 201 87
::1 - - [07/Aug/2022:20:34:37 +0000] "POST /api/vvgnli/v1/updatePostStatus HTTP/1.1" 201 87
::1 - - [07/Aug/2022:20:35:28 +0000] "POST /api/vvgnli/v1/updatePostStatus HTTP/1.1" 201 87
::1 - - [07/Aug/2022:20:36:12 +0000] "POST /api/vvgnli/v1/updatePostStatus HTTP/1.1" 500 44
::1 - - [07/Aug/2022:20:36:19 +0000] "POST /api/vvgnli/v1/updatePostStatus HTTP/1.1" 500 44
::1 - - [07/Aug/2022:20:36:45 +0000] "POST /api/vvgnli/v1/updatePostStatus HTTP/1.1" 500 73
::1 - - [07/Aug/2022:20:38:04 +0000] "POST /api/vvgnli/v1/updatePostStatus HTTP/1.1" 201 87
::1 - - [07/Aug/2022:20:38:17 +0000] "GET /api/vvgnli/v1/getApprovedPhotos HTTP/1.1" 201 311
::1 - - [07/Aug/2022:20:38:41 +0000] "POST /api/vvgnli/v1/signup HTTP/1.1" 400 50
::1 - - [07/Aug/2022:20:38:45 +0000] "POST /api/vvgnli/v1/login HTTP/1.1" 400 81
::1 - - [07/Aug/2022:20:38:56 +0000] "POST /api/vvgnli/v1/login HTTP/1.1" 200 167
::1 - - [07/Aug/2022:20:39:02 +0000] "POST /api/vvgnli/v1/signup HTTP/1.1" 400 50
::1 - - [07/Aug/2022:20:39:43 +0000] "POST /api/vvgnli/v1/forgot-password HTTP/1.1" 200 89
::1 - - [07/Aug/2022:20:39:56 +0000] "POST /api/vvgnli/v1/forgot-password HTTP/1.1" 400 108
::1 - - [07/Aug/2022:20:40:23 +0000] "POST /api/vvgnli/v1/user/update-password HTTP/1.1" 400 106
::1 - - [07/Aug/2022:20:40:41 +0000] "POST /api/vvgnli/v1/user/update-password HTTP/1.1" 400 47
::1 - - [07/Aug/2022:20:40:59 +0000] "POST /api/vvgnli/v1/user/update-password HTTP/1.1" 200 71
::1 - - [07/Aug/2022:20:41:26 +0000] "POST /api/vvgnli/v1/upload HTTP/1.1" 400 47
::1 - - [07/Aug/2022:20:41:41 +0000] "POST /api/vvgnli/v1/upload HTTP/1.1" 200 233
::1 - - [07/Aug/2022:20:42:00 +0000] "GET /api/vvgnli/v1/getPendingPhotos HTTP/1.1" 201 99
::1 - - [07/Aug/2022:20:42:12 +0000] "GET /api/vvgnli/v1/getPendingVideos HTTP/1.1" 201 99
::1 - - [07/Aug/2022:20:42:26 +0000] "GET /api/vvgnli/v1/getApprovedPhotos HTTP/1.1" 201 311
::1 - - [07/Aug/2022:20:42:41 +0000] "GET /api/vvgnli/v1/getApprovedVideos HTTP/1.1" 200 100
::1 - - [07/Aug/2022:20:42:52 +0000] "GET /api/vvgnli/v1/getCommentsOnPost?mediaId=thisisarandommediaid HTTP/1.1" 201 100
::1 - - [07/Aug/2022:20:43:09 +0000] "GET /api/vvgnli/v1/getCommentsOnPost?mediaId=b4e57c0d-bcd5-41eb-b7d8-4ea6dc3fba95.png HTTP/1.1" 201 100
::1 - - [07/Aug/2022:20:43:22 +0000] "GET /api/vvgnli/v1/getLikedPosts?userId=90322a558c65cb8d HTTP/1.1" 200 96
::1 - - [07/Aug/2022:20:43:42 +0000] "GET /api/vvgnli/v1/getLikedPosts HTTP/1.1" 400 66
::1 - - [07/Aug/2022:20:43:56 +0000] "GET /api/vvgnli/v1/getCommentsOnPost HTTP/1.1" 400 54
::1 - - [07/Aug/2022:20:44:10 +0000] "POST /api/vvgnli/v1/postHandle HTTP/1.1" 400 54
::1 - - [07/Aug/2022:20:44:26 +0000] "POST /api/vvgnli/v1/postHandle HTTP/1.1" 400 54
::1 - - [07/Aug/2022:20:44:29 +0000] "POST /api/vvgnli/v1/postHandle HTTP/1.1" 400 54
::1 - - [07/Aug/2022:20:44:45 +0000] "POST /api/vvgnli/v1/postHandle HTTP/1.1" 400 247
::1 - - [07/Aug/2022:20:45:01 +0000] "POST /api/vvgnli/v1/postHandle HTTP/1.1" 400 247
::1 - - [07/Aug/2022:20:45:16 +0000] "POST /api/vvgnli/v1/postHandle HTTP/1.1" 201 111
::1 - - [07/Aug/2022:20:45:32 +0000] "POST /api/vvgnli/v1/updatePostStatus HTTP/1.1" 201 87
::1 - - [08/Aug/2022:06:59:54 +0000] "POST /api/vvgnli/v1/signup HTTP/1.1" 201 110
::1 - - [08/Aug/2022:07:00:32 +0000] "POST /api/vvgnli/v1/login HTTP/1.1" 400 47
::1 - - [08/Aug/2022:07:01:13 +0000] "POST /api/vvgnli/v1/login HTTP/1.1" 400 47
::1 - - [08/Aug/2022:07:04:03 +0000] "POST /api/vvgnli/v1/login HTTP/1.1" 400 81
::1 - - [08/Aug/2022:07:06:54 +0000] "POST /api/vvgnli/v1/login HTTP/1.1" 200 144
::1 - - [08/Aug/2022:07:12:12 +0000] "POST /api/vvgnli/v1/login HTTP/1.1" 400 81
::1 - - [08/Aug/2022:07:12:42 +0000] "POST /api/vvgnli/v1/login HTTP/1.1" 200 144
::1 - - [08/Aug/2022:07:18:26 +0000] "GET /api/vvgnli/v1/lforgot-password HTTP/1.1" 404 81
::1 - - [08/Aug/2022:07:18:33 +0000] "POST /api/vvgnli/v1/lforgot-password HTTP/1.1" 404 170
::1 - - [08/Aug/2022:07:21:01 +0000] "POST /api/vvgnli/v1/signup HTTP/1.1" 201 110
::1 - - [08/Aug/2022:07:21:16 +0000] "POST /api/vvgnli/v1/forgot-password HTTP/1.1" - -
::1 - - [08/Aug/2022:07:21:58 +0000] "POST /api/vvgnli/v1/forgot-password HTTP/1.1" 500 101
::1 - - [08/Aug/2022:07:26:48 +0000] "POST /api/vvgnli/v1/upload HTTP/1.1" 200 147
::1 - - [08/Aug/2022:07:27:38 +0000] "POST /api/vvgnli/v1/postHandle HTTP/1.1" 201 111
::1 - - [08/Aug/2022:07:28:40 +0000] "POST /api/vvgnli/v1/updatePostStatus HTTP/1.1" 201 87
::1 - - [08/Aug/2022:07:29:39 +0000] "POST /api/vvgnli/v1/like HTTP/1.1" 200 87
::1 - - [08/Aug/2022:07:31:08 +0000] "POST /api/vvgnli/v1/comment HTTP/1.1" 201 75
::1 - - [08/Aug/2022:07:31:41 +0000] "GET /api/vvgnli/v1/getPendingPhotos HTTP/1.1" 201 1322
::1 - - [08/Aug/2022:07:33:47 +0000] "GET /api/vvgnli/v1/getPendingVideos HTTP/1.1" 201 251
::1 - - [08/Aug/2022:07:34:13 +0000] "GET /api/vvgnli/v1/getApprovedPhotos HTTP/1.1" 201 1365
::1 - - [08/Aug/2022:07:36:09 +0000] "GET /api/vvgnli/v1/getApprovedVideos HTTP/1.1" 200 293
::1 - - [08/Aug/2022:07:37:23 +0000] "GET /api/vvgnli/v1/getCommentsOnPost?mediaId=36403b0d-25aa-4e3b-89fb-000ee6282abd.jpeg HTTP/1.1" 201 186
::1 - - [08/Aug/2022:08:13:48 +0000] "GET /api/vvgnli/v1/getLikedPosts?userId=63590ae5fc38fc51 HTTP/1.1" 200 260
::1 - - [08/Aug/2022:09:01:46 +0000] "POST /api/vvgnli/v1/signup HTTP/1.1" 201 110
::1 - - [08/Aug/2022:09:02:30 +0000] "POST /api/vvgnli/v1/forgot-password HTTP/1.1" 500 90
::1 - - [08/Aug/2022:09:03:31 +0000] "POST /api/vvgnli/v1/forgot-password HTTP/1.1" 500 90
::1 - - [08/Aug/2022:09:04:45 +0000] "POST /api/vvgnli/v1/login HTTP/1.1" 400 81
::1 - - [08/Aug/2022:09:14:29 +0000] "POST /api/vvgnli/v1/login HTTP/1.1" 400 81
::1 - - [08/Aug/2022:09:15:49 +0000] "POST /api/vvgnli/v1/login HTTP/1.1" 400 81
::1 - - [08/Aug/2022:09:15:57 +0000] "POST /api/vvgnli/v1/login HTTP/1.1" 400 47
::1 - - [08/Aug/2022:09:18:47 +0000] "POST /api/vvgnli/v1/forgot-password HTTP/1.1" 500 90
::1 - - [08/Aug/2022:10:37:07 +0000] "POST /api/vvgnli/v1/upload HTTP/1.1" 200 147
::1 - - [08/Aug/2022:14:42:34 +0000] "POST /api/vvgnli/v1/upload HTTP/1.1" 200 147
::1 - - [08/Aug/2022:14:56:07 +0000] "POST /api/vvgnli/v1/upload HTTP/1.1" 200 147
::1 - - [08/Aug/2022:14:57:03 +0000] "POST /api/vvgnli/v1/postHandle HTTP/1.1" 400 41
::1 - - [08/Aug/2022:14:57:47 +0000] "POST /api/vvgnli/v1/postHandle HTTP/1.1" 201 111
