::1 - - [17/Aug/2022:18:31:31 +0000] "POST /api/vvgnli/v1/admin/webinars/createNewWebinar?userId=9c6447306bb063f1 HTTP/1.1" 400 90
::1 - - [17/Aug/2022:18:32:03 +0000] "POST /api/vvgnli/v1/admin/webinars/createNewWebinar?userId=9c6447306bb063f1 HTTP/1.1" 400 90
::1 - - [17/Aug/2022:18:33:46 +0000] "POST /api/vvgnli/v1/admin/webinars/createNewWebinar?userId=9c6447306bb063f1 HTTP/1.1" 400 119
::1 - - [17/Aug/2022:18:39:14 +0000] "POST /api/vvgnli/v1/admin/webinars/createNewWebinar?userId=9c6447306bb063f1 HTTP/1.1" 400 119
::1 - - [17/Aug/2022:18:47:58 +0000] "POST /api/vvgnli/v1/admin/webinars/createNewWebinar?userId=9c6447306bb063f1 HTTP/1.1" 400 123
::1 - - [17/Aug/2022:18:49:27 +0000] "POST /api/vvgnli/v1/admin/webinars/createNewWebinar?userId=9c6447306bb063f1 HTTP/1.1" 400 100
::1 - - [17/Aug/2022:18:52:30 +0000] "POST /api/vvgnli/v1/admin/webinars/createNewWebinar?userId=9c6447306bb063f1 HTTP/1.1" 201 96
::1 - - [17/Aug/2022:18:56:48 +0000] "POST /api/vvgnli/v1/admin/webinars/createNewWebinar?userId=9c6447306bb063f1 HTTP/1.1" 201 96
::1 - - [17/Aug/2022:18:57:41 +0000] "GET /api/vvgnli/v1/admin/webinars/getWebinarInfo?webinarId=oOBRWBe0R5mze+e3IYxszA== HTTP/1.1" 200 85
::1 - - [17/Aug/2022:18:58:25 +0000] "GET /api/vvgnli/v1/admin/webinars/getWebinarInfo?webinarId=oOBRWBe0R5mze+e3IYxszA== HTTP/1.1" 200 85
::1 - - [17/Aug/2022:18:58:41 +0000] "GET /api/vvgnli/v1/admin/webinars/getWebinarInfo?webinarId=oOBRWBe0R5mze+e3IYxszA== HTTP/1.1" 200 85
::1 - - [17/Aug/2022:18:58:50 +0000] "GET /api/vvgnli/v1/admin/webinars/getWebinarInfo?webinarId=oOBRWBe0R5mze+e3IYxszA== HTTP/1.1" 200 85
::1 - - [17/Aug/2022:18:58:56 +0000] "GET /api/vvgnli/v1/admin/webinars/getWebinarInfo?webinarId=oOBRWBe0R5mze+e3IYxszA== HTTP/1.1" 200 85
::1 - - [17/Aug/2022:18:59:14 +0000] "GET /api/vvgnli/v1/admin/webinars/getWebinarInfo?webinarId=oOBRWBe0R5mze+e3IYxszA== HTTP/1.1" 200 85
::1 - - [17/Aug/2022:18:59:22 +0000] "GET /api/vvgnli/v1/admin/webinars/getWebinarInfo?webinarId=oOBRWBe0R5mze+e3IYxszA== HTTP/1.1" 200 85
::1 - - [17/Aug/2022:19:00:13 +0000] "GET /api/vvgnli/v1/admin/webinars/getWebinarInfo?webinarId=oOBRWBe0R5mze+e3IYxszA== HTTP/1.1" 200 85
::1 - - [17/Aug/2022:19:00:31 +0000] "GET /api/vvgnli/v1/admin/webinars/getWebinarInfo?webinarId=oOBRWBe0R5mze+e3IYxszA== HTTP/1.1" 200 85
::1 - - [17/Aug/2022:19:02:01 +0000] "POST /api/vvgnli/v1/admin/webinars/createNewWebinar?userId=9c6447306bb063f1 HTTP/1.1" 201 96
::1 - - [17/Aug/2022:19:02:37 +0000] "POST /api/vvgnli/v1/admin/webinars/createNewWebinar?userId=9c6447306bb063f1 HTTP/1.1" 201 81
::1 - - [17/Aug/2022:19:04:16 +0000] "GET /api/vvgnli/v1/admin/webinars/getWebinarInfo?webinarId=&=83966299890 HTTP/1.1" 400 73
::1 - - [17/Aug/2022:19:04:38 +0000] "GET /api/vvgnli/v1/admin/webinars/getWebinarInfo?webinarId=&=83966299890 HTTP/1.1" 400 73
::1 - - [17/Aug/2022:19:05:16 +0000] "GET /api/vvgnli/v1/admin/webinars/getWebinarInfo?webinarId=83966299890 HTTP/1.1" 200 431
::1 - - [17/Aug/2022:19:05:30 +0000] "GET /api/vvgnli/v1/admin/webinars/getWebinarInfo?webinarId=83966299890 HTTP/1.1" 200 431
::1 - - [17/Aug/2022:19:06:49 +0000] "POST /api/vvgnli/v1/admin/webinars/createNewWebinar?userId=9c6447306bb063f1 HTTP/1.1" 201 81
::1 - - [17/Aug/2022:19:08:03 +0000] "POST /api/vvgnli/v1/admin/webinars/createNewWebinar?userId=9c6447306bb063f1 HTTP/1.1" 400 112
::1 - - [17/Aug/2022:19:09:05 +0000] "POST /api/vvgnli/v1/admin/webinars/createNewWebinar?userId=9c6447306bb063f1 HTTP/1.1" 201 81
::1 - - [17/Aug/2022:19:13:15 +0000] "POST /api/vvgnli/v1/admin/webinars/createNewWebinar?userId=9c6447306bb063f1 HTTP/1.1" 201 81
::1 - - [17/Aug/2022:19:13:23 +0000] "GET /api/vvgnli/v1/admin/webinars/getWebinarInfo?webinarId=84348467649 HTTP/1.1" 200 431
::1 - - [17/Aug/2022:19:13:40 +0000] "GET /api/vvgnli/v1/admin/webinars/getWebinarInfo?webinarId=843484676491 HTTP/1.1" 404 86
::1 - - [17/Aug/2022:19:13:57 +0000] "GET /api/vvgnli/v1/admin/webinars/getWebinarInfo?webinarId=843484676491 HTTP/1.1" 404 86
::1 - - [17/Aug/2022:19:14:07 +0000] "GET /api/vvgnli/v1/admin/webinars/getWebinarInfo?webinarId=84348467649 HTTP/1.1" 200 431
::1 - - [17/Aug/2022:19:15:34 +0000] "GET /api/vvgnli/v1/getPendingVideos HTTP/1.1" 400 57
::1 - - [17/Aug/2022:19:15:38 +0000] "GET /api/vvgnli/v1/getPendingVideos?userId=189d2ad17dc26352 HTTP/1.1" 404 44
::1 - - [17/Aug/2022:19:16:00 +0000] "GET /api/vvgnli/v1/getPendingVideos?userId=9c6447306bb063f1 HTTP/1.1" 200 94
::1 - - [17/Aug/2022:19:16:03 +0000] "GET /api/vvgnli/v1/getPendingVideos?userId=9c6447306bb063f HTTP/1.1" 404 44
::1 - - [17/Aug/2022:19:16:11 +0000] "GET /api/vvgnli/v1/getPendingVideos?userId=2f5f253c9bbd8594 HTTP/1.1" 403 56
::1 - - [17/Aug/2022:19:16:14 +0000] "GET /api/vvgnli/v1/getPendingVideos HTTP/1.1" 400 57
::1 - - [17/Aug/2022:19:16:23 +0000] "GET /api/vvgnli/v1/getPendingVideos HTTP/1.1" 403 56
::1 - - [17/Aug/2022:19:16:32 +0000] "GET /api/vvgnli/v1/getPendingVideos HTTP/1.1" 200 94
::1 - - [17/Aug/2022:19:17:33 +0000] "POST /api/vvgnli/v1/signup HTTP/1.1" 400 50
::1 - - [17/Aug/2022:19:17:42 +0000] "POST /api/vvgnli/v1/signup HTTP/1.1" 400 50
::1 - - [17/Aug/2022:19:17:45 +0000] "POST /api/vvgnli/v1/signup HTTP/1.1" 201 62
::1 - - [17/Aug/2022:19:18:56 +0000] "POST /api/vvgnli/v1/signup HTTP/1.1" 400 50
::1 - - [17/Aug/2022:19:18:57 +0000] "POST /api/vvgnli/v1/signup HTTP/1.1" 400 50
::1 - - [17/Aug/2022:19:18:58 +0000] "POST /api/vvgnli/v1/signup HTTP/1.1" 400 50
::1 - - [17/Aug/2022:19:18:59 +0000] "POST /api/vvgnli/v1/signup HTTP/1.1" 400 50
::1 - - [18/Aug/2022:12:20:16 +0000] "POST /api/vvgnli/v1/admin/webinars/createNewWebinar HTTP/1.1" 404 44
::1 - - [18/Aug/2022:12:20:38 +0000] "POST /api/vvgnli/v1/admin/webinars/createNewWebinar HTTP/1.1" 201 81
::1 - - [18/Aug/2022:12:25:35 +0000] "POST /api/vvgnli/v1/admin/webinars/createNewWebinar HTTP/1.1" 201 81
::1 - - [18/Aug/2022:16:05:52 +0000] "POST /api/vvgnli/v1/admin/webinars/createNewWebinar HTTP/1.1" 500 63
::1 - - [18/Aug/2022:16:06:33 +0000] "POST /api/vvgnli/v1/admin/webinars/createNewWebinar HTTP/1.1" 500 63
::1 - - [18/Aug/2022:16:06:49 +0000] "POST /api/vvgnli/v1/admin/webinars/createNewWebinar HTTP/1.1" 500 63
::1 - - [18/Aug/2022:16:07:56 +0000] "POST /api/vvgnli/v1/admin/webinars/createNewWebinar HTTP/1.1" 500 63
::1 - - [18/Aug/2022:16:08:23 +0000] "POST /api/vvgnli/v1/admin/webinars/createNewWebinar HTTP/1.1" 500 63
::1 - - [18/Aug/2022:16:09:11 +0000] "POST /api/vvgnli/v1/admin/webinars/createNewWebinar HTTP/1.1" 500 63
::1 - - [18/Aug/2022:16:10:05 +0000] "POST /api/vvgnli/v1/admin/webinars/createNewWebinar HTTP/1.1" 500 63
::1 - - [18/Aug/2022:16:10:17 +0000] "POST /api/vvgnli/v1/admin/webinars/createNewWebinar HTTP/1.1" 500 63
::1 - - [18/Aug/2022:16:11:22 +0000] "POST /api/vvgnli/v1/admin/webinars/createNewWebinar HTTP/1.1" 500 30
::1 - - [18/Aug/2022:16:11:51 +0000] "POST /api/vvgnli/v1/admin/webinars/createNewWebinar HTTP/1.1" 500 464
::1 - - [18/Aug/2022:16:12:30 +0000] "POST /api/vvgnli/v1/admin/webinars/createNewWebinar HTTP/1.1" 500 72
::1 - - [18/Aug/2022:16:13:06 +0000] "POST /api/vvgnli/v1/admin/webinars/createNewWebinar HTTP/1.1" 500 72
::1 - - [18/Aug/2022:16:14:08 +0000] "POST /api/vvgnli/v1/admin/webinars/createNewWebinar HTTP/1.1" 500 464
::1 - - [18/Aug/2022:16:15:55 +0000] "POST /api/vvgnli/v1/admin/webinars/createNewWebinar HTTP/1.1" 500 464
::1 - - [18/Aug/2022:16:17:59 +0000] "POST /api/vvgnli/v1/admin/webinars/createNewWebinar HTTP/1.1" 500 464
::1 - - [18/Aug/2022:16:18:22 +0000] "POST /api/vvgnli/v1/admin/webinars/createNewWebinar HTTP/1.1" 500 464
::1 - - [18/Aug/2022:16:21:55 +0000] "POST /api/vvgnli/v1/admin/webinars/createNewWebinar HTTP/1.1" 500 464
::1 - - [18/Aug/2022:16:22:51 +0000] "POST /api/vvgnli/v1/admin/webinars/createNewWebinar HTTP/1.1" 500 464
::1 - - [18/Aug/2022:16:23:11 +0000] "POST /api/vvgnli/v1/admin/webinars/createNewWebinar HTTP/1.1" 500 464
::1 - - [18/Aug/2022:16:23:52 +0000] "POST /api/vvgnli/v1/admin/webinars/createNewWebinar HTTP/1.1" 500 79
::1 - - [18/Aug/2022:16:24:15 +0000] "POST /api/vvgnli/v1/admin/webinars/createNewWebinar HTTP/1.1" 500 156
::1 - - [18/Aug/2022:16:24:55 +0000] "POST /api/vvgnli/v1/admin/webinars/createNewWebinar HTTP/1.1" 500 109
::1 - - [18/Aug/2022:16:25:50 +0000] "POST /api/vvgnli/v1/admin/webinars/createNewWebinar HTTP/1.1" 500 109
::1 - - [18/Aug/2022:16:26:21 +0000] "POST /api/vvgnli/v1/admin/webinars/createNewWebinar HTTP/1.1" 201 81
::1 - - [18/Aug/2022:16:31:29 +0000] "POST /api/vvgnli/v1/admin/webinars/createNewWebinar HTTP/1.1" 201 81
::1 - - [18/Aug/2022:16:38:13 +0000] "GET /api/vvgnli/v1/admin/webinars/getWebinarInfo?webinarId=81032764943 HTTP/1.1" 404 85
::1 - - [18/Aug/2022:16:38:22 +0000] "GET /api/vvgnli/v1/admin/webinars/getWebinarInfo?webinarId=81032764943 HTTP/1.1" 404 86
::1 - - [18/Aug/2022:16:38:39 +0000] "GET /api/vvgnli/v1/admin/webinars/getWebinarInfo?webinarId=81535913652 HTTP/1.1" 200 990
::1 - - [18/Aug/2022:17:01:55 +0000] "POST /api/vvgnli/v1/admin/webinars/createNewWebinar HTTP/1.1" 500 109
::1 - - [18/Aug/2022:17:03:23 +0000] "POST /api/vvgnli/v1/admin/webinars/createNewWebinar HTTP/1.1" 500 109
::1 - - [18/Aug/2022:17:03:58 +0000] "POST /api/vvgnli/v1/admin/webinars/createNewWebinar HTTP/1.1" 500 109
::1 - - [18/Aug/2022:17:04:08 +0000] "POST /api/vvgnli/v1/admin/webinars/createNewWebinar HTTP/1.1" 500 109
::1 - - [18/Aug/2022:17:05:42 +0000] "POST /api/vvgnli/v1/admin/webinars/createNewWebinar HTTP/1.1" 201 81
::1 - - [18/Aug/2022:18:56:35 +0000] "GET /api/vvgnli/v1/admin/webinars/getWebinarInfo?webinarId=81535913652 HTTP/1.1" 404 80
::1 - - [18/Aug/2022:18:59:33 +0000] "POST /api/vvgnli/v1/admin/webinars/createNewWebinar HTTP/1.1" 500 74
::1 - - [18/Aug/2022:19:00:41 +0000] "POST /api/vvgnli/v1/admin/webinars/createNewWebinar HTTP/1.1" 201 81
::1 - - [18/Aug/2022:19:01:29 +0000] "GET /api/vvgnli/v1/admin/webinars/getWebinarInfo?webinarId=84653755702 HTTP/1.1" 200 1064
::1 - - [18/Aug/2022:19:02:25 +0000] "GET /api/vvgnli/v1/admin/webinars/getWebinarInfo?webinarId=84653755702 HTTP/1.1" 200 1024
::1 - - [18/Aug/2022:19:10:00 +0000] "GET /api/vvgnli/v1/admin/webinars/getWebinarInfo?webinarId=84653755702 HTTP/1.1" 200 1064
::1 - - [18/Aug/2022:19:12:59 +0000] "GET /api/vvgnli/v1/admin/webinars/getWebinarInfo?webinarId=84653755702 HTTP/1.1" 200 1064
::1 - - [18/Aug/2022:19:13:29 +0000] "GET /api/vvgnli/v1/admin/webinars/getWebinarInfo?webinarId=84653755702 HTTP/1.1" 200 1064
::1 - - [18/Aug/2022:19:13:35 +0000] "GET /api/vvgnli/v1/admin/webinars/getWebinarInfo?webinarId=84653755702 HTTP/1.1" 200 1064
::1 - - [18/Aug/2022:19:15:30 +0000] "GET /api/vvgnli/v1/admin/webinars/getWebinarInfo?webinarId=84653755702 HTTP/1.1" 200 85
::1 - - [18/Aug/2022:19:16:28 +0000] "GET /api/vvgnli/v1/admin/webinars/getWebinarInfo?webinarId=84653755702 HTTP/1.1" 200 1024
::1 - - [18/Aug/2022:19:16:38 +0000] "GET /api/vvgnli/v1/admin/webinars/getWebinarInfo?webinarId=84653755702 HTTP/1.1" 200 1064
::1 - - [18/Aug/2022:19:17:33 +0000] "POST /api/vvgnli/v1/admin/webinars/createNewWebinar HTTP/1.1" 201 81
::1 - - [18/Aug/2022:19:17:45 +0000] "POST /api/vvgnli/v1/admin/webinars/createNewWebinar HTTP/1.1" 404 44
::1 - - [18/Aug/2022:19:18:29 +0000] "GET /api/vvgnli/v1/admin/webinars/getWebinarInfo?webinarId=84653755702 HTTP/1.1" 200 1024
::1 - - [18/Aug/2022:19:18:35 +0000] "GET /api/vvgnli/v1/admin/webinars/getWebinarInfo?webinarId=84499542760 HTTP/1.1" 200 1024
::1 - - [18/Aug/2022:19:18:46 +0000] "GET /api/vvgnli/v1/admin/webinars/getWebinarInfo?webinarId=84499542760 HTTP/1.1" 200 1024
::1 - - [18/Aug/2022:19:19:07 +0000] "GET /api/vvgnli/v1/admin/webinars/getWebinarInfo?webinarId=84499542760 HTTP/1.1" 200 1024
::1 - - [18/Aug/2022:19:19:09 +0000] "GET /api/vvgnli/v1/admin/webinars/getWebinarInfo?webinarId=844995427602 HTTP/1.1" 404 87
::1 - - [18/Aug/2022:19:19:15 +0000] "GET /api/vvgnli/v1/admin/webinars/getWebinarInfo?webinarId=84499542760 HTTP/1.1" 200 1024
::1 - - [19/Aug/2022:20:58:07 +0000] "GET / HTTP/1.1" 500 1317
::1 - - [19/Aug/2022:20:58:18 +0000] "GET / HTTP/1.1" 200 97
::1 - - [19/Aug/2022:20:58:18 +0000] "GET /favicon.ico HTTP/1.1" 404 97
::1 - - [19/Aug/2022:21:19:05 +0000] "GET /api/vvgnli/v1/admin/webinars/getWebinarInfo?webinarId=84499542760 HTTP/1.1" 200 1024
::1 - - [19/Aug/2022:21:20:40 +0000] "GET /api/vvgnli/v1/admin/webinars/getWebinarInfo?webinarId=84499542760 HTTP/1.1" 400 57
::1 - - [19/Aug/2022:21:21:09 +0000] "GET /api/vvgnli/v1/admin/webinars/getWebinarInfo?webinarId=84499542760 HTTP/1.1" 403 56
::1 - - [19/Aug/2022:21:21:17 +0000] "GET /api/vvgnli/v1/admin/webinars/getWebinarInfo?webinarId=84499542760 HTTP/1.1" 200 1024
::1 - - [19/Aug/2022:21:21:34 +0000] "POST /api/vvgnli/v1/admin/webinars/addParticipantJoinedFromPortal HTTP/1.1" 400 72
::1 - - [19/Aug/2022:21:22:13 +0000] "POST /api/vvgnli/v1/admin/webinars/addParticipantJoinedFromPortal HTTP/1.1" 400 42
::1 - - [19/Aug/2022:21:22:21 +0000] "POST /api/vvgnli/v1/admin/webinars/addParticipantJoinedFromPortal HTTP/1.1" 400 42
::1 - - [19/Aug/2022:21:25:11 +0000] "POST /api/vvgnli/v1/admin/webinars/addParticipantJoinedFromPortal HTTP/1.1" 400 42
::1 - - [19/Aug/2022:21:26:00 +0000] "POST /api/vvgnli/v1/admin/webinars/addParticipantJoinedFromPortal HTTP/1.1" 400 1068
::1 - - [19/Aug/2022:21:27:49 +0000] "POST /api/vvgnli/v1/admin/webinars/addParticipantJoinedFromPortal HTTP/1.1" 500 63
::1 - - [19/Aug/2022:21:29:29 +0000] "POST /api/vvgnli/v1/admin/webinars/addParticipantJoinedFromPortal HTTP/1.1" 500 63
::1 - - [19/Aug/2022:21:30:16 +0000] "POST /api/vvgnli/v1/admin/webinars/addParticipantJoinedFromPortal HTTP/1.1" 400 57
::1 - - [19/Aug/2022:21:30:20 +0000] "POST /api/vvgnli/v1/admin/webinars/addParticipantJoinedFromPortal HTTP/1.1" 500 63
::1 - - [19/Aug/2022:21:31:08 +0000] "POST /api/vvgnli/v1/admin/webinars/addParticipantJoinedFromPortal HTTP/1.1" 500 63
::1 - - [19/Aug/2022:21:31:18 +0000] "POST /api/vvgnli/v1/admin/webinars/addParticipantJoinedFromPortal HTTP/1.1" 500 63
::1 - - [19/Aug/2022:21:31:56 +0000] "POST /api/vvgnli/v1/admin/webinars/addParticipantJoinedFromPortal HTTP/1.1" 500 96
::1 - - [19/Aug/2022:21:35:22 +0000] "POST /api/vvgnli/v1/admin/webinars/addParticipantJoinedFromPortal HTTP/1.1" 404 77
::1 - - [19/Aug/2022:21:36:21 +0000] "POST /api/vvgnli/v1/admin/webinars/addParticipantJoinedFromPortal HTTP/1.1" 404 77
::1 - - [19/Aug/2022:21:36:48 +0000] "POST /api/vvgnli/v1/admin/webinars/addParticipantJoinedFromPortal HTTP/1.1" 404 77
::1 - - [19/Aug/2022:21:37:05 +0000] "POST /api/vvgnli/v1/admin/webinars/addParticipantJoinedFromPortal HTTP/1.1" 404 77
::1 - - [19/Aug/2022:21:38:03 +0000] "POST /api/vvgnli/v1/admin/webinars/addParticipantJoinedFromPortal HTTP/1.1" 404 95
::1 - - [19/Aug/2022:21:40:23 +0000] "POST /api/vvgnli/v1/admin/webinars/addParticipantJoinedFromPortal HTTP/1.1" 200 2
::1 - - [20/Aug/2022:09:10:15 +0000] "POST /api/vvgnli/v1/admin/deleteUser HTTP/1.1" 400 54
::1 - - [20/Aug/2022:09:10:53 +0000] "POST /api/vvgnli/v1/admin/deleteUser HTTP/1.1" 200 75
::1 - - [20/Aug/2022:09:36:36 +0000] "POST /api/vvgnli/v1/admin/deleteUser HTTP/1.1" 200 75
::1 - - [20/Aug/2022:12:10:17 +0000] "POST /api/vvgnli/v1/login HTTP/1.1" 200 283
::1 - - [20/Aug/2022:12:11:03 +0000] "POST /api/vvgnli/v1/login HTTP/1.1" 200 283
::1 - - [20/Aug/2022:12:11:20 +0000] "POST /api/vvgnli/v1/login HTTP/1.1" 200 283
::1 - - [20/Aug/2022:12:11:37 +0000] "POST /api/vvgnli/v1/login HTTP/1.1" 200 283
::1 - - [20/Aug/2022:12:12:45 +0000] "POST /api/vvgnli/v1/login HTTP/1.1" 200 283
::1 - - [20/Aug/2022:12:12:52 +0000] "POST /api/vvgnli/v1/login HTTP/1.1" 200 283
::1 - - [20/Aug/2022:12:13:06 +0000] "POST /api/vvgnli/v1/login HTTP/1.1" 200 283
::1 - - [20/Aug/2022:12:18:42 +0000] "POST /api/vvgnli/v1/login HTTP/1.1" 403 115
::1 - - [20/Aug/2022:12:19:45 +0000] "POST /api/vvgnli/v1/login HTTP/1.1" 403 115
::1 - - [20/Aug/2022:12:28:57 +0000] "POST /api/vvgnli/v1/login HTTP/1.1" 403 115
::1 - - [20/Aug/2022:12:29:18 +0000] "POST /api/vvgnli/v1/login HTTP/1.1" 200 199
::1 - - [20/Aug/2022:12:30:10 +0000] "POST /api/vvgnli/v1/login HTTP/1.1" 200 199
::1 - - [20/Aug/2022:12:30:43 +0000] "POST /api/vvgnli/v1/login HTTP/1.1" 200 199
::1 - - [20/Aug/2022:12:30:58 +0000] "POST /api/vvgnli/v1/login HTTP/1.1" 200 199
::1 - - [20/Aug/2022:12:31:04 +0000] "POST /api/vvgnli/v1/login HTTP/1.1" 200 199
::1 - - [20/Aug/2022:12:31:26 +0000] "POST /api/vvgnli/v1/login HTTP/1.1" 200 199
::1 - - [20/Aug/2022:12:31:46 +0000] "POST /api/vvgnli/v1/login HTTP/1.1" 200 199
::1 - - [20/Aug/2022:13:31:39 +0000] "POST /api/vvgnli/v1/login HTTP/1.1" 200 423
::1 - - [20/Aug/2022:13:32:51 +0000] "POST /api/vvgnli/v1/login HTTP/1.1" 200 442
::1 - - [20/Aug/2022:13:44:23 +0000] "POST /api/vvgnli/v1/login HTTP/1.1" 200 442
::1 - - [20/Aug/2022:13:45:01 +0000] "POST /api/vvgnli/v1/login HTTP/1.1" 200 442
::1 - - [20/Aug/2022:13:48:39 +0000] "POST /api/vvgnli/v1/login HTTP/1.1" 200 442
::1 - - [20/Aug/2022:13:49:40 +0000] "POST /api/vvgnli/v1/login HTTP/1.1" 200 442
::1 - - [20/Aug/2022:13:49:51 +0000] "POST /api/vvgnli/v1/login HTTP/1.1" 200 442
::1 - - [20/Aug/2022:13:49:59 +0000] "POST /api/vvgnli/v1/login HTTP/1.1" 200 442
::1 - - [20/Aug/2022:13:50:05 +0000] "POST /api/vvgnli/v1/login HTTP/1.1" 200 442
::1 - - [20/Aug/2022:13:50:20 +0000] "POST /api/vvgnli/v1/login HTTP/1.1" 200 442
::1 - - [20/Aug/2022:14:58:32 +0000] "POST /api/vvgnli/v1/login HTTP/1.1" 403 115
::1 - - [20/Aug/2022:15:22:40 +0000] "POST /api/vvgnli/v1/admin/deleteUser HTTP/1.1" 200 75
::1 - - [20/Aug/2022:15:22:51 +0000] "GET /api/vvgnli/v1/login HTTP/1.1" 404 97
::1 - - [20/Aug/2022:15:22:58 +0000] "POST /api/vvgnli/v1/login HTTP/1.1" 403 131
::1 - - [20/Aug/2022:17:15:32 +0000] "POST /api/vvgnli/v1/signup HTTP/1.1" 400 227
::1 - - [20/Aug/2022:17:19:31 +0000] "POST /api/vvgnli/v1/signup HTTP/1.1" 201 62
::1 - - [20/Aug/2022:17:29:38 +0000] "POST /api/vvgnli/v1/signup HTTP/1.1" 201 62
::1 - - [20/Aug/2022:17:29:42 +0000] "POST /api/vvgnli/v1/signup HTTP/1.1" 400 126
::1 - - [20/Aug/2022:17:30:13 +0000] "POST /api/vvgnli/v1/signup HTTP/1.1" 400 126
::1 - - [20/Aug/2022:17:30:36 +0000] "POST /api/vvgnli/v1/signup HTTP/1.1" 400 126
::1 - - [20/Aug/2022:17:31:50 +0000] "POST /api/vvgnli/v1/signup HTTP/1.1" 400 126
::1 - - [20/Aug/2022:17:32:24 +0000] "POST /api/vvgnli/v1/signup HTTP/1.1" 400 126
::1 - - [20/Aug/2022:17:32:59 +0000] "POST /api/vvgnli/v1/signup HTTP/1.1" 403 101
::1 - - [20/Aug/2022:17:33:31 +0000] "POST /api/vvgnli/v1/signup HTTP/1.1" 403 101
::1 - - [20/Aug/2022:17:33:44 +0000] "POST /api/vvgnli/v1/signup HTTP/1.1" 403 101
::1 - - [20/Aug/2022:17:33:59 +0000] "POST /api/vvgnli/v1/signup HTTP/1.1" 403 101
::1 - - [20/Aug/2022:17:34:50 +0000] "POST /api/vvgnli/v1/signup HTTP/1.1" 403 101
::1 - - [20/Aug/2022:17:35:09 +0000] "POST /api/vvgnli/v1/signup HTTP/1.1" 403 101
::1 - - [20/Aug/2022:17:35:29 +0000] "POST /api/vvgnli/v1/signup HTTP/1.1" 403 101
::1 - - [20/Aug/2022:17:35:46 +0000] "POST /api/vvgnli/v1/signup HTTP/1.1" 403 101
::1 - - [20/Aug/2022:17:35:58 +0000] "POST /api/vvgnli/v1/signup HTTP/1.1" 403 101
::1 - - [20/Aug/2022:17:41:27 +0000] "POST /api/vvgnli/v1/signup HTTP/1.1" 403 101
::1 - - [20/Aug/2022:17:42:00 +0000] "POST /api/vvgnli/v1/signup HTTP/1.1" 409 91
::1 - - [20/Aug/2022:17:42:03 +0000] "POST /api/vvgnli/v1/signup HTTP/1.1" 409 91
::1 - - [20/Aug/2022:17:42:36 +0000] "POST /api/vvgnli/v1/signup HTTP/1.1" 409 91
::1 - - [20/Aug/2022:17:42:36 +0000] "POST /api/vvgnli/v1/signup HTTP/1.1" 409 91
::1 - - [20/Aug/2022:17:45:23 +0000] "POST /api/vvgnli/v1/signup HTTP/1.1" 201 62
::1 - - [20/Aug/2022:17:45:25 +0000] "POST /api/vvgnli/v1/signup HTTP/1.1" 409 97
::1 - - [20/Aug/2022:17:45:30 +0000] "POST /api/vvgnli/v1/signup HTTP/1.1" 409 91
::1 - - [20/Aug/2022:17:46:12 +0000] "POST /api/vvgnli/v1/admin/deleteUser HTTP/1.1" 400 57
::1 - - [20/Aug/2022:17:46:35 +0000] "POST /api/vvgnli/v1/admin/deleteUser HTTP/1.1" 400 57
::1 - - [20/Aug/2022:17:46:48 +0000] "POST /api/vvgnli/v1/admin/deleteUser HTTP/1.1" 403 56
::1 - - [20/Aug/2022:17:47:02 +0000] "POST /api/vvgnli/v1/admin/deleteUser HTTP/1.1" 400 54
::1 - - [20/Aug/2022:17:47:15 +0000] "POST /api/vvgnli/v1/admin/deleteUser HTTP/1.1" 200 75
::1 - - [20/Aug/2022:17:47:58 +0000] "POST /api/vvgnli/v1/login HTTP/1.1" 403 101
::1 - - [20/Aug/2022:17:52:13 +0000] "POST /api/vvgnli/v1/login HTTP/1.1" 400 81
::1 - - [20/Aug/2022:17:52:23 +0000] "POST /api/vvgnli/v1/login HTTP/1.1" 400 81
::1 - - [20/Aug/2022:17:52:27 +0000] "POST /api/vvgnli/v1/login HTTP/1.1" 200 444
::1 - - [20/Aug/2022:17:52:41 +0000] "POST /api/vvgnli/v1/login HTTP/1.1" 200 444
::1 - - [20/Aug/2022:18:14:43 +0000] "POST /api/vvgnli/v1/login HTTP/1.1" 200 444
::1 - - [20/Aug/2022:18:14:44 +0000] "POST /api/vvgnli/v1/login HTTP/1.1" 200 444
::1 - - [20/Aug/2022:18:14:51 +0000] "POST /api/vvgnli/v1/signup HTTP/1.1" 409 91
::1 - - [20/Aug/2022:18:14:52 +0000] "POST /api/vvgnli/v1/signup HTTP/1.1" 409 91
::1 - - [20/Aug/2022:18:14:57 +0000] "POST /api/vvgnli/v1/admin/deleteUser HTTP/1.1" 200 75
::1 - - [20/Aug/2022:18:15:02 +0000] "POST /api/vvgnli/v1/login HTTP/1.1" 404 49
::1 - - [20/Aug/2022:18:15:06 +0000] "POST /api/vvgnli/v1/login HTTP/1.1" 200 444
::1 - - [20/Aug/2022:18:16:11 +0000] "POST /api/vvgnli/v1/login HTTP/1.1" 403 112
::1 - - [20/Aug/2022:18:18:26 +0000] "POST /api/vvgnli/v1/login HTTP/1.1" 403 112
::1 - - [20/Aug/2022:18:18:28 +0000] "POST /api/vvgnli/v1/login HTTP/1.1" 403 112
::1 - - [20/Aug/2022:18:18:36 +0000] "POST /api/vvgnli/v1/login HTTP/1.1" 403 112
::1 - - [20/Aug/2022:18:18:39 +0000] "POST /api/vvgnli/v1/login HTTP/1.1" 403 112
::1 - - [20/Aug/2022:18:18:40 +0000] "POST /api/vvgnli/v1/login HTTP/1.1" 403 112
::1 - - [20/Aug/2022:18:18:55 +0000] "POST /api/vvgnli/v1/signup HTTP/1.1" 403 111
::1 - - [20/Aug/2022:18:20:55 +0000] "POST /api/vvgnli/v1/login HTTP/1.1" 403 111
::1 - - [20/Aug/2022:18:21:22 +0000] "POST /api/vvgnli/v1/login HTTP/1.1" 403 109
