::1 - - [09/Aug/2022:09:30:52 +0000] "POST /api/vvgnli/v1/upload HTTP/1.1" 200 147
::1 - - [09/Aug/2022:09:33:06 +0000] "POST /api/vvgnli/v1/postHandle HTTP/1.1" 201 111
::1 - - [09/Aug/2022:09:47:24 +0000] "GET /api/vvgnli/v1/getPendingPhotos HTTP/1.1" 201 312
::1 - - [09/Aug/2022:10:17:46 +0000] "POST /api/vvgnli/v1/postHandle HTTP/1.1" 201 111
::1 - - [09/Aug/2022:10:18:01 +0000] "POST /api/vvgnli/v1/updatePostStatus HTTP/1.1" 201 87
::1 - - [09/Aug/2022:10:35:36 +0000] "GET /api/vvgnli/v1/getPhotosForUserId?userId=f6d5c5673fdc51ec HTTP/1.1" 200 223
::1 - - [09/Aug/2022:10:35:51 +0000] "GET /api/vvgnli/v1/getVideosForUserId?userId=f6d5c5673fdc51ec HTTP/1.1" 200 92
::1 - - [09/Aug/2022:10:36:00 +0000] "GET /api/vvgnli/v1/getVideosForUserId?userId=f6d5c5673fdc51ebjh HTTP/1.1" 200 92
::1 - - [09/Aug/2022:10:36:14 +0000] "GET /api/vvgnli/v1/getPhotosForUserId?userId=f6d5c5673fdc51ebjh HTTP/1.1" 200 92
::1 - - [09/Aug/2022:12:16:02 +0000] "POST /api/vvgnli/v1/upload HTTP/1.1" 200 147
::1 - - [09/Aug/2022:12:16:51 +0000] "POST /api/vvgnli/v1/upload HTTP/1.1" 200 147
::1 - - [09/Aug/2022:12:18:04 +0000] "POST /api/vvgnli/v1/upload HTTP/1.1" 200 147
::1 - - [09/Aug/2022:12:18:30 +0000] "POST /api/vvgnli/v1/upload HTTP/1.1" 200 147
::1 - - [09/Aug/2022:12:18:51 +0000] "POST /api/vvgnli/v1/upload HTTP/1.1" 200 147
::1 - - [09/Aug/2022:12:20:12 +0000] "POST /api/vvgnli/v1/upload HTTP/1.1" 200 147
::1 - - [09/Aug/2022:12:20:53 +0000] "POST /api/vvgnli/v1/upload HTTP/1.1" 200 147
::1 - - [09/Aug/2022:12:21:30 +0000] "POST /api/vvgnli/v1/upload HTTP/1.1" 200 147
::1 - - [09/Aug/2022:12:23:31 +0000] "POST /api/vvgnli/v1/upload HTTP/1.1" 400 44
::1 - - [09/Aug/2022:12:26:31 +0000] "POST /api/vvgnli/v1/upload HTTP/1.1" 400 44
::1 - - [09/Aug/2022:12:26:53 +0000] "POST /api/vvgnli/v1/upload HTTP/1.1" 400 44
::1 - - [09/Aug/2022:12:27:26 +0000] "POST /api/vvgnli/v1/upload HTTP/1.1" 400 44
::1 - - [09/Aug/2022:12:28:07 +0000] "POST /api/vvgnli/v1/upload HTTP/1.1" 400 44
::1 - - [09/Aug/2022:12:28:58 +0000] "POST /api/vvgnli/v1/upload HTTP/1.1" 200 147
::1 - - [09/Aug/2022:12:29:09 +0000] "POST /api/vvgnli/v1/upload HTTP/1.1" 400 44
::1 - - [09/Aug/2022:12:31:48 +0000] "POST /api/vvgnli/v1/upload HTTP/1.1" 200 147
::1 - - [09/Aug/2022:12:33:33 +0000] "POST /api/vvgnli/v1/upload HTTP/1.1" 400 44
::1 - - [09/Aug/2022:12:33:59 +0000] "POST /api/vvgnli/v1/uploadResearchWork HTTP/1.1" 200 147
::1 - - [09/Aug/2022:12:34:24 +0000] "POST /api/vvgnli/v1/uploadResearchWork HTTP/1.1" 400 44
::1 - - [09/Aug/2022:12:41:47 +0000] "POST /api/vvgnli/v1/upload HTTP/1.1" 200 147
::1 - - [09/Aug/2022:12:42:27 +0000] "POST /api/vvgnli/v1/upload HTTP/1.1" 200 147
::1 - - [09/Aug/2022:12:46:44 +0000] "POST /api/vvgnli/v1/upload HTTP/1.1" 200 147
::1 - - [09/Aug/2022:12:48:21 +0000] "POST /api/vvgnli/v1/upload HTTP/1.1" 400 44
::1 - - [09/Aug/2022:12:48:56 +0000] "POST /api/vvgnli/v1/upload HTTP/1.1" 200 147
::1 - - [09/Aug/2022:12:49:14 +0000] "POST /api/vvgnli/v1/upload HTTP/1.1" 400 44
::1 - - [09/Aug/2022:12:55:29 +0000] "POST /api/vvgnli/v1/upload HTTP/1.1" - -
::1 - - [09/Aug/2022:12:55:52 +0000] "POST /api/vvgnli/v1/upload HTTP/1.1" 200 147
::1 - - [09/Aug/2022:12:56:13 +0000] "POST /api/vvgnli/v1/uploadResearchWork HTTP/1.1" 400 44
::1 - - [09/Aug/2022:12:56:28 +0000] "POST /api/vvgnli/v1/uploadResearchWork HTTP/1.1" 200 147
::1 - - [13/Aug/2022:12:30:43 +0000] "POST /api/vvgnli/v1/upload HTTP/1.1" 400 44
::1 - - [13/Aug/2022:12:31:43 +0000] "POST /api/vvgnli/v1/upload HTTP/1.1" 200 190
::1 - - [13/Aug/2022:12:32:46 +0000] "POST /api/vvgnli/v1/uploadReasearchWork HTTP/1.1" 404 173
::1 - - [13/Aug/2022:12:32:59 +0000] "POST /api/vvgnli/v1/uploadResearchWork HTTP/1.1" 400 44
::1 - - [13/Aug/2022:12:33:18 +0000] "POST /api/vvgnli/v1/uploadResearchWork HTTP/1.1" 200 147
::1 - - [13/Aug/2022:12:34:58 +0000] "POST /api/vvgnli/v1/postHandle HTTP/1.1" 201 111
::1 - - [13/Aug/2022:12:35:55 +0000] "GET /api/vvgnli/v1/getPendingResearchWork HTTP/1.1" 201 318
::1 - - [13/Aug/2022:12:36:05 +0000] "GET /api/vvgnli/v1/getApprovedResearchWork HTTP/1.1" 201 106
::1 - - [13/Aug/2022:12:36:42 +0000] "GET /api/vvgnli/v1/getResearchWorkForUserId?userId=f6d5c5673fdc51ec HTTP/1.1" 400 222
::1 - - [13/Aug/2022:12:37:25 +0000] "GET /api/vvgnli/v1/getPhotosForUserId?userId=f6d5c5673fdc51ebjh HTTP/1.1" 200 92
::1 - - [13/Aug/2022:12:37:56 +0000] "GET /api/vvgnli/v1/getPhotosForUserId?userId=f6d5c5673fdc51ec HTTP/1.1" 200 157
::1 - - [13/Aug/2022:12:39:22 +0000] "GET /api/vvgnli/v1/getResearchWorkForUserId?userId=f6d5c5673fdc51ec HTTP/1.1" 201 163
::1 - - [13/Aug/2022:13:23:33 +0000] "POST /api/vvgnli/v1/signup HTTP/1.1" 201 110
::1 - - [13/Aug/2022:13:23:53 +0000] "POST /api/vvgnli/v1/signup HTTP/1.1" 201 110
::1 - - [13/Aug/2022:14:06:33 +0000] "POST /api/vvgnli/v1/upload HTTP/1.1" 200 148
::1 - - [13/Aug/2022:14:09:07 +0000] "POST /api/vvgnli/v1/upload HTTP/1.1" 200 148
::1 - - [13/Aug/2022:14:10:17 +0000] "POST /api/vvgnli/v1/postHandle HTTP/1.1" 201 111
::1 - - [13/Aug/2022:14:10:39 +0000] "POST /api/vvgnli/v1/updatePostStatus HTTP/1.1" 201 87
::1 - - [13/Aug/2022:14:41:19 +0000] "GET /api/vvgnli/v1/getPendingPhotos HTTP/1.1" 201 528
::1 - - [13/Aug/2022:14:45:36 +0000] "GET /api/vvgnli/v1/getPendingPhotos?count=true HTTP/1.1" - -
::1 - - [13/Aug/2022:14:48:16 +0000] "GET /api/vvgnli/v1/getPendingPhotos HTTP/1.1" 201 528
::1 - - [13/Aug/2022:14:48:36 +0000] "GET /api/vvgnli/v1/getPendingPhotos HTTP/1.1" 201 528
::1 - - [13/Aug/2022:14:49:16 +0000] "GET /api/vvgnli/v1/getPendingPhotos?count=true HTTP/1.1" 201 123
::1 - - [13/Aug/2022:14:53:26 +0000] "GET /api/vvgnli/v1/getPendingPhotos?count=true HTTP/1.1" 201 123
::1 - - [13/Aug/2022:14:54:38 +0000] "GET /api/vvgnli/v1/getPendingPhotos?count=true HTTP/1.1" 201 123
::1 - - [13/Aug/2022:15:01:44 +0000] "GET /api/vvgnli/v1/getPendingVideos HTTP/1.1" 201 307
::1 - - [13/Aug/2022:15:01:52 +0000] "GET /api/vvgnli/v1/getPendingVideos?count=true HTTP/1.1" 201 118
::1 - - [13/Aug/2022:15:04:44 +0000] "GET /api/vvgnli/v1/getPendingVideos?count=true HTTP/1.1" 201 118
::1 - - [13/Aug/2022:15:10:44 +0000] "GET /api/vvgnli/v1/getResearchWork HTTP/1.1" 404 81
::1 - - [13/Aug/2022:15:11:02 +0000] "GET /api/vvgnli/v1/getPendingResearchWork HTTP/1.1" 201 313
::1 - - [13/Aug/2022:15:11:16 +0000] "GET /api/vvgnli/v1/getPendingResearchWork?count=true HTTP/1.1" 201 130
::1 - - [14/Aug/2022:08:24:05 +0000] "GET /api/vvgnli/v1/getCountOfApprovedPhotos HTTP/1.1" 201 125
::1 - - [14/Aug/2022:12:29:36 +0000] "POST /api/vvgnli/v1/admin/deleteUser HTTP/1.1" 404 170
::1 - - [14/Aug/2022:12:32:39 +0000] "POST /api/vvgnli/v1/admin/deleteUser HTTP/1.1" 200 75
::1 - - [14/Aug/2022:12:33:22 +0000] "POST /api/vvgnli/v1/admin/deleteUser HTTP/1.1" 200 75
::1 - - [14/Aug/2022:12:34:15 +0000] "POST /api/vvgnli/v1/admin/deleteUser HTTP/1.1" 400 257
::1 - - [14/Aug/2022:12:34:50 +0000] "POST /api/vvgnli/v1/admin/deleteUser HTTP/1.1" 400 257
::1 - - [14/Aug/2022:12:35:29 +0000] "POST /api/vvgnli/v1/admin/deleteUser HTTP/1.1" 400 257
::1 - - [14/Aug/2022:12:36:04 +0000] "POST /api/vvgnli/v1/admin/deleteUser HTTP/1.1" 400 257
::1 - - [14/Aug/2022:12:37:01 +0000] "POST /api/vvgnli/v1/admin/deleteUser HTTP/1.1" 400 257
::1 - - [14/Aug/2022:12:39:32 +0000] "POST /api/vvgnli/v1/admin/deleteUser HTTP/1.1" 400 248
::1 - - [14/Aug/2022:12:47:09 +0000] "POST /api/vvgnli/v1/admin/changeUserRole HTTP/1.1" 200 85
::1 - - [14/Aug/2022:12:48:15 +0000] "POST /api/vvgnli/v1/admin/changeUserRole HTTP/1.1" 200 85
::1 - - [14/Aug/2022:12:55:43 +0000] "GET /api/vvgnli/v1/admin/getUserDetails HTTP/1.1" 200 282
::1 - - [14/Aug/2022:12:55:55 +0000] "GET /api/vvgnli/v1/admin/getUserDetails?count=true HTTP/1.1" 200 114
::1 - - [14/Aug/2022:13:10:58 +0000] "POST /api/vvgnli/v1/admin/deletePost HTTP/1.1" 200 93
::1 - - [14/Aug/2022:13:12:01 +0000] "GET /api/vvgnli/v1/getCountOfApprovedPhotos HTTP/1.1" 200 125
::1 - - [14/Aug/2022:14:52:29 +0000] "GET /api/vvgnli/v1/getPendingPhotos?count=true HTTP/1.1" 200 118
::1 - - [14/Aug/2022:14:54:42 +0000] "GET /api/vvgnli/v1/getPendingVideos?count=true HTTP/1.1" 200 118
::1 - - [14/Aug/2022:15:13:56 +0000] "GET /api/vvgnli/v1/getCountOfApprovedVideos HTTP/1.1" 200 100
::1 - - [14/Aug/2022:15:14:09 +0000] "GET /api/vvgnli/v1/getCountOfApprovedPhotos HTTP/1.1" 200 125
::1 - - [14/Aug/2022:15:15:13 +0000] "GET /api/vvgnli/v1/getCountOfApprovedVideos HTTP/1.1" 200 125
::1 - - [14/Aug/2022:15:26:32 +0000] "POST /api/vvgnli/v1/uploadResearchWork HTTP/1.1" 200 147
::1 - - [14/Aug/2022:15:30:00 +0000] "GET /api/vvgnli/v1/getPendingResearchWork HTTP/1.1" 200 313
::1 - - [14/Aug/2022:15:33:58 +0000] "GET /api/vvgnli/v1/getPendingResearchWork?count=true HTTP/1.1" 200 130
::1 - - [14/Aug/2022:16:27:00 +0000] "GET /api/vvgnli/v1/getApprovedResearchWork HTTP/1.1" 200 101
::1 - - [14/Aug/2022:16:28:11 +0000] "GET /api/vvgnli/v1/getApprovedResearchWork HTTP/1.1" 200 253
::1 - - [14/Aug/2022:16:29:58 +0000] "GET /api/vvgnli/v1/getApprovedResearchWork?count=true HTTP/1.1" 200 132
::1 - - [14/Aug/2022:16:32:13 +0000] "GET /api/vvgnli/v1/getPhotosForUserId?userId=f6d5c5673fdc51ec HTTP/1.1" 200 224
::1 - - [14/Aug/2022:16:34:43 +0000] "GET /api/vvgnli/v1/getVideosForUserId?userId=f6d5c5673fdc51ec HTTP/1.1" 200 157
::1 - - [14/Aug/2022:16:37:31 +0000] "GET /api/vvgnli/v1/getResearchWorkForUserId?userId=f6d5c5673fdc51ec HTTP/1.1" 200 163
::1 - - [14/Aug/2022:16:43:16 +0000] "GET /api/vvgnli/v1/admin/getUserDetails HTTP/1.1" 200 282
::1 - - [14/Aug/2022:16:47:41 +0000] "GET /api/vvgnli/v1/admin/getUserDetails?count=true HTTP/1.1" 200 114
::1 - - [14/Aug/2022:17:18:39 +0000] "GET /api/vvgnli/v1/getPendingPhotos HTTP/1.1" 200 307
::1 - - [14/Aug/2022:17:18:52 +0000] "GET /api/vvgnli/v1/getPendingPhotos?count=true HTTP/1.1" 200 118
::1 - - [14/Aug/2022:17:20:04 +0000] "GET /api/vvgnli/v1/getResearchWorkForUserId?userId=f6d5c5673fdc51ec HTTP/1.1" 200 163
::1 - - [14/Aug/2022:17:22:41 +0000] "GET /api/vvgnli/v1/admin/getUserDetails HTTP/1.1" 200 282
::1 - - [14/Aug/2022:17:22:50 +0000] "GET /api/vvgnli/v1/admin/getUserDetails?count=true HTTP/1.1" 200 114
::1 - - [15/Aug/2022:03:17:01 +0000] "GET /api/vvgnli/v1/getPendingVideos HTTP/1.1" 400 57
::1 - - [15/Aug/2022:03:17:24 +0000] "GET /api/vvgnli/v1/getPendingVideos?userId=2h3eufgw34e8yte4 HTTP/1.1" 200 94
::1 - - [15/Aug/2022:03:17:34 +0000] "GET /api/vvgnli/v1/getPendingVideos?userId=2h3eufgw34e8yte4 HTTP/1.1" 200 94
::1 - - [15/Aug/2022:04:14:35 +0000] "GET /api/vvgnli/v1/getPendingVideos HTTP/1.1" 400 57
::1 - - [15/Aug/2022:04:20:38 +0000] "GET /api/vvgnli/v1/getPendingVideos?userId=thisisuserid HTTP/1.1" 400 115
::1 - - [15/Aug/2022:04:21:53 +0000] "GET /api/vvgnli/v1/getPendingVideos?userId=thisisuserid HTTP/1.1" 400 115
::1 - - [15/Aug/2022:04:22:21 +0000] "GET /api/vvgnli/v1/getPendingVideos?userId=thisisuserid HTTP/1.1" 400 115
::1 - - [15/Aug/2022:04:22:32 +0000] "GET /api/vvgnli/v1/getPendingVideos?userId=thisisuserid HTTP/1.1" 400 115
::1 - - [15/Aug/2022:04:22:53 +0000] "GET /api/vvgnli/v1/getPendingVideos?userId=thisisuserid HTTP/1.1" 400 115
::1 - - [15/Aug/2022:04:37:19 +0000] "GET /api/vvgnli/v1/getPendingVideos?userId=thisisuserid HTTP/1.1" 404 68
::1 - - [15/Aug/2022:04:37:21 +0000] "GET /api/vvgnli/v1/getPendingVideos?userId=thisisuserid HTTP/1.1" 404 68
::1 - - [15/Aug/2022:04:37:22 +0000] "GET /api/vvgnli/v1/getPendingVideos?userId=thisisuserid HTTP/1.1" 404 68
::1 - - [15/Aug/2022:04:41:55 +0000] "GET /api/vvgnli/v1/getPendingVideos?userId=thisisuserid HTTP/1.1" 404 68
::1 - - [15/Aug/2022:04:42:02 +0000] "GET /api/vvgnli/v1/getPendingVideos?userId=thisisuserid HTTP/1.1" 404 68
::1 - - [15/Aug/2022:04:43:05 +0000] "GET /api/vvgnli/v1/getPendingVideos?userId=189d2ad17dc26352 HTTP/1.1" 403 56
::1 - - [15/Aug/2022:04:43:30 +0000] "GET /api/vvgnli/v1/getPendingVideos?userId=189d2ad17dc26352 HTTP/1.1" 200 94
::1 - - [15/Aug/2022:04:44:37 +0000] "GET /api/vvgnli/v1/getPendingVideos?userId=189d2ad17dc26352 HTTP/1.1" 200 94
::1 - - [15/Aug/2022:04:44:41 +0000] "GET /api/vvgnli/v1/getPendingVideos HTTP/1.1" 400 57
::1 - - [15/Aug/2022:04:45:11 +0000] "GET /api/vvgnli/v1/getPendingVideos HTTP/1.1" 400 57
::1 - - [15/Aug/2022:04:45:27 +0000] "GET /api/vvgnli/v1/getPendingVideos HTTP/1.1" 400 57
::1 - - [15/Aug/2022:04:47:18 +0000] "POST /api/vvgnli/v1/upload?file= HTTP/1.1" 400 57
::1 - - [15/Aug/2022:04:47:35 +0000] "POST /api/vvgnli/v1/upload?file= HTTP/1.1" 400 57
::1 - - [15/Aug/2022:04:48:25 +0000] "POST /api/vvgnli/v1/upload HTTP/1.1" 400 57
::1 - - [15/Aug/2022:04:48:28 +0000] "POST /api/vvgnli/v1/upload HTTP/1.1" 400 57
::1 - - [15/Aug/2022:04:50:04 +0000] "POST /api/vvgnli/v1/upload?userId=thisisrandomuserid HTTP/1.1" 400 110
::1 - - [15/Aug/2022:04:50:40 +0000] "POST /api/vvgnli/v1/upload?userId=thisisrandomuserid HTTP/1.1" 200 147
::1 - - [15/Aug/2022:04:51:44 +0000] "POST /api/vvgnli/v1/upload?userId=thisisrandomuserid HTTP/1.1" 200 147
::1 - - [15/Aug/2022:04:58:24 +0000] "POST /api/vvgnli/v1/postHandle HTTP/1.1" 400 41
::1 - - [15/Aug/2022:04:58:40 +0000] "POST /api/vvgnli/v1/postHandle?userId= HTTP/1.1" 400 41
::1 - - [15/Aug/2022:04:58:49 +0000] "POST /api/vvgnli/v1/postHandle?userId=thisisauserid HTTP/1.1" 400 41
::1 - - [15/Aug/2022:04:59:36 +0000] "POST /api/vvgnli/v1/signup HTTP/1.1" 201 110
::1 - - [15/Aug/2022:05:06:38 +0000] "POST /api/vvgnli/v1/signup HTTP/1.1" 400 63
::1 - - [15/Aug/2022:05:07:42 +0000] "POST /api/vvgnli/v1/signup HTTP/1.1" 400 73
::1 - - [15/Aug/2022:05:09:01 +0000] "POST /api/vvgnli/v1/signup HTTP/1.1" 400 73
::1 - - [15/Aug/2022:05:09:25 +0000] "POST /api/vvgnli/v1/signup HTTP/1.1" 400 73
::1 - - [15/Aug/2022:05:09:53 +0000] "POST /api/vvgnli/v1/signup HTTP/1.1" 400 50
::1 - - [15/Aug/2022:05:10:30 +0000] "POST /api/vvgnli/v1/signup HTTP/1.1" 201 62
::1 - - [15/Aug/2022:05:20:19 +0000] "POST /api/vvgnli/v1/login HTTP/1.1" 400 82
::1 - - [15/Aug/2022:05:20:34 +0000] "POST /api/vvgnli/v1/login HTTP/1.1" 400 82
::1 - - [15/Aug/2022:05:20:56 +0000] "POST /api/vvgnli/v1/login HTTP/1.1" 400 82
::1 - - [15/Aug/2022:05:22:09 +0000] "POST /api/vvgnli/v1/login HTTP/1.1" 400 82
::1 - - [15/Aug/2022:05:22:43 +0000] "POST /api/vvgnli/v1/login HTTP/1.1" 400 82
::1 - - [15/Aug/2022:05:22:44 +0000] "POST /api/vvgnli/v1/login HTTP/1.1" 400 82
::1 - - [15/Aug/2022:05:22:46 +0000] "POST /api/vvgnli/v1/login HTTP/1.1" 400 82
::1 - - [15/Aug/2022:05:23:57 +0000] "POST /api/vvgnli/v1/login HTTP/1.1" 400 82
::1 - - [15/Aug/2022:05:23:59 +0000] "POST /api/vvgnli/v1/login HTTP/1.1" 400 82
::1 - - [15/Aug/2022:05:25:21 +0000] "POST /api/vvgnli/v1/login HTTP/1.1" 400 82
::1 - - [15/Aug/2022:05:26:44 +0000] "POST /api/vvgnli/v1/login HTTP/1.1" 400 82
::1 - - [15/Aug/2022:05:27:05 +0000] "POST /api/vvgnli/v1/login HTTP/1.1" 400 82
::1 - - [15/Aug/2022:05:27:47 +0000] "POST /api/vvgnli/v1/login HTTP/1.1" 200 167
::1 - - [15/Aug/2022:05:27:51 +0000] "POST /api/vvgnli/v1/login HTTP/1.1" 200 167
::1 - - [15/Aug/2022:05:27:52 +0000] "POST /api/vvgnli/v1/login HTTP/1.1" 200 167
::1 - - [15/Aug/2022:05:28:04 +0000] "POST /api/vvgnli/v1/login HTTP/1.1" 200 141
::1 - - [15/Aug/2022:05:28:05 +0000] "POST /api/vvgnli/v1/login HTTP/1.1" 200 141
::1 - - [15/Aug/2022:05:28:06 +0000] "POST /api/vvgnli/v1/login HTTP/1.1" 200 141
::1 - - [15/Aug/2022:05:28:37 +0000] "POST /api/vvgnli/v1/login HTTP/1.1" 200 141
::1 - - [15/Aug/2022:05:28:40 +0000] "POST /api/vvgnli/v1/login HTTP/1.1" 200 141
::1 - - [15/Aug/2022:05:28:41 +0000] "POST /api/vvgnli/v1/login HTTP/1.1" 200 141
::1 - - [15/Aug/2022:05:28:42 +0000] "POST /api/vvgnli/v1/login HTTP/1.1" 200 141
::1 - - [15/Aug/2022:05:30:58 +0000] "POST /api/vvgnli/v1/signup HTTP/1.1" 201 62
::1 - - [15/Aug/2022:05:32:18 +0000] "POST /api/vvgnli/v1/signup HTTP/1.1" 201 62
::1 - - [15/Aug/2022:05:33:30 +0000] "POST /api/vvgnli/v1/signup HTTP/1.1" 201 62
::1 - - [15/Aug/2022:05:34:40 +0000] "POST /api/vvgnli/v1/login HTTP/1.1" 200 167
::1 - - [15/Aug/2022:05:34:42 +0000] "POST /api/vvgnli/v1/login HTTP/1.1" 200 167
::1 - - [15/Aug/2022:05:34:49 +0000] "POST /api/vvgnli/v1/login HTTP/1.1" 400 50
::1 - - [15/Aug/2022:05:34:52 +0000] "POST /api/vvgnli/v1/login HTTP/1.1" 200 167
::1 - - [15/Aug/2022:05:35:11 +0000] "POST /api/vvgnli/v1/login HTTP/1.1" 200 167
::1 - - [15/Aug/2022:05:35:14 +0000] "POST /api/vvgnli/v1/login HTTP/1.1" 200 167
::1 - - [15/Aug/2022:05:35:17 +0000] "POST /api/vvgnli/v1/login HTTP/1.1" 200 167
::1 - - [15/Aug/2022:05:35:19 +0000] "POST /api/vvgnli/v1/login HTTP/1.1" 200 167
::1 - - [15/Aug/2022:05:35:20 +0000] "POST /api/vvgnli/v1/login HTTP/1.1" 200 167
::1 - - [15/Aug/2022:05:36:58 +0000] "POST /api/vvgnli/v1/login HTTP/1.1" 200 167
::1 - - [15/Aug/2022:05:39:05 +0000] "POST /api/vvgnli/v1/forgot-password HTTP/1.1" 200 89
::1 - - [15/Aug/2022:05:39:45 +0000] "POST /api/vvgnli/v1/forgot-password HTTP/1.1" 200 89
::1 - - [15/Aug/2022:05:39:59 +0000] "POST /api/vvgnli/v1/login HTTP/1.1" 400 81
::1 - - [15/Aug/2022:05:40:15 +0000] "POST /api/vvgnli/v1/login HTTP/1.1" 400 50
::1 - - [15/Aug/2022:05:40:28 +0000] "POST /api/vvgnli/v1/login HTTP/1.1" 400 50
::1 - - [15/Aug/2022:05:40:51 +0000] "POST /api/vvgnli/v1/login HTTP/1.1" 400 50
::1 - - [15/Aug/2022:05:41:29 +0000] "POST /api/vvgnli/v1/login HTTP/1.1" 400 50
::1 - - [15/Aug/2022:06:10:41 +0000] "POST /api/vvgnli/v1/forgot-password HTTP/1.1" 200 89
::1 - - [15/Aug/2022:06:11:24 +0000] "POST /api/vvgnli/v1/login HTTP/1.1" 400 50
::1 - - [15/Aug/2022:06:11:30 +0000] "POST /api/vvgnli/v1/login HTTP/1.1" 200 167
::1 - - [15/Aug/2022:06:11:31 +0000] "POST /api/vvgnli/v1/login HTTP/1.1" 200 167
::1 - - [15/Aug/2022:06:12:29 +0000] "POST /api/vvgnli/v1/user/update-password HTTP/1.1" 400 57
::1 - - [15/Aug/2022:06:12:54 +0000] "POST /api/vvgnli/v1/user/update-password HTTP/1.1" 400 57
::1 - - [15/Aug/2022:06:13:07 +0000] "POST /api/vvgnli/v1/user/update-password HTTP/1.1" 200 71
::1 - - [15/Aug/2022:06:13:12 +0000] "POST /api/vvgnli/v1/user/update-password HTTP/1.1" 200 71
::1 - - [15/Aug/2022:06:13:37 +0000] "POST /api/vvgnli/v1/upload?userId=thisisrandomuserid HTTP/1.1" 200 147
::1 - - [15/Aug/2022:06:20:01 +0000] "GET /api/vvgnli/v1/getPendingPhotos HTTP/1.1" 400 57
::1 - - [15/Aug/2022:06:20:14 +0000] "GET /api/vvgnli/v1/getPendingPhotos?userId=thisisrandomuserid HTTP/1.1" 404 74
::1 - - [15/Aug/2022:06:23:13 +0000] "GET /api/vvgnli/v1/getPendingPhotos?userId=thisisrandomuserid HTTP/1.1" 404 44
::1 - - [15/Aug/2022:06:23:41 +0000] "GET /api/vvgnli/v1/getPendingPhotos?userId=9c6447306bb063f1 HTTP/1.1" 403 56
::1 - - [15/Aug/2022:06:23:57 +0000] "GET /api/vvgnli/v1/getPendingPhotos?userId=9c6447306bb063f1 HTTP/1.1" 200 94
::1 - - [15/Aug/2022:06:24:18 +0000] "GET /api/vvgnli/v1/getPendingVideos HTTP/1.1" 400 57
::1 - - [15/Aug/2022:06:24:33 +0000] "POST /api/vvgnli/v1/postHandle?userId=9c6447306bb063f HTTP/1.1" 400 41
::1 - - [15/Aug/2022:06:24:37 +0000] "POST /api/vvgnli/v1/postHandle?userId=9c6447306bb063f1 HTTP/1.1" 400 41
::1 - - [15/Aug/2022:06:24:49 +0000] "POST /api/vvgnli/v1/postHandle?userId=9c6447306bb063f1 HTTP/1.1" 400 247
::1 - - [15/Aug/2022:06:26:06 +0000] "POST /api/vvgnli/v1/updatePostStatus HTTP/1.1" 400 57
::1 - - [15/Aug/2022:06:26:17 +0000] "POST /api/vvgnli/v1/updatePostStatus?userId=9c6447306bb063f HTTP/1.1" 404 44
::1 - - [15/Aug/2022:06:26:25 +0000] "POST /api/vvgnli/v1/updatePostStatus?userId=9c6447306bb063f1 HTTP/1.1" 200 87
::1 - - [15/Aug/2022:06:26:38 +0000] "POST /api/vvgnli/v1/updatePostStatus?userId=9c6447306bb063f1 HTTP/1.1" 403 56
::1 - - [15/Aug/2022:06:26:49 +0000] "POST /api/vvgnli/v1/updatePostStatus?userId=9c6447306bb063f1 HTTP/1.1" 200 87
::1 - - [15/Aug/2022:06:27:40 +0000] "GET /api/vvgnli/v1/admin/getAllUsers HTTP/1.1" 404 55
::1 - - [15/Aug/2022:06:29:05 +0000] "GET /api/vvgnli/v1/admin/getUserDetails HTTP/1.1" 400 57
::1 - - [15/Aug/2022:06:29:12 +0000] "GET /api/vvgnli/v1/admin/getUserDetails?userId=9c6447306bb063f1 HTTP/1.1" 200 92
::1 - - [15/Aug/2022:06:29:29 +0000] "POST /api/vvgnli/v1/signup HTTP/1.1" 201 62
::1 - - [15/Aug/2022:06:29:47 +0000] "GET /api/vvgnli/v1/admin/getUserDetails?userId=2f5f253c9bbd8594 HTTP/1.1" 403 56
::1 - - [15/Aug/2022:06:30:36 +0000] "GET /api/vvgnli/v1/admin/getUserDetails?userId=2f5f253c9bbd8594&count HTTP/1.1" 403 56
::1 - - [15/Aug/2022:06:30:42 +0000] "GET /api/vvgnli/v1/admin/getUserDetails?userId=9c6447306bb063f1&count HTTP/1.1" 200 191
::1 - - [15/Aug/2022:06:30:55 +0000] "GET /api/vvgnli/v1/admin/getUserDetails?userId=9c6447306bb063f1 HTTP/1.1" 200 191
::1 - - [15/Aug/2022:06:31:02 +0000] "GET /api/vvgnli/v1/admin/getUserDetails?userId=9c6447306bb063f1&count=true HTTP/1.1" 200 114
::1 - - [15/Aug/2022:06:32:53 +0000] "GET /api/vvgnli/v1/admin/changeUserRole HTTP/1.1" 404 55
::1 - - [15/Aug/2022:06:33:29 +0000] "POST /api/vvgnli/v1/admin/changeUserRole HTTP/1.1" 404 174
::1 - - [15/Aug/2022:06:33:46 +0000] "POST /api/vvgnli/v1/admin/changeUserRole HTTP/1.1" 404 174
::1 - - [15/Aug/2022:06:37:30 +0000] "POST /api/vvgnli/v1/admin/changeUserRole HTTP/1.1" 404 174
::1 - - [15/Aug/2022:06:37:38 +0000] "PATCH /api/vvgnli/v1/admin/changeUserRole HTTP/1.1" 400 57
::1 - - [15/Aug/2022:06:37:43 +0000] "POST /api/vvgnli/v1/admin/changeUserRole HTTP/1.1" 404 174
::1 - - [15/Aug/2022:06:37:52 +0000] "GET /api/vvgnli/v1/admin/changeUserRole HTTP/1.1" 404 97
::1 - - [15/Aug/2022:06:38:07 +0000] "POST /api/vvgnli/v1/admin/changeUserRole HTTP/1.1" 404 97
::1 - - [15/Aug/2022:06:38:08 +0000] "POST /api/vvgnli/v1/admin/changeUserRole HTTP/1.1" 404 97
::1 - - [15/Aug/2022:06:38:09 +0000] "POST /api/vvgnli/v1/admin/changeUserRole HTTP/1.1" 404 97
::1 - - [15/Aug/2022:06:39:06 +0000] "POST /api/vvgnli/v1/admin/changeUserRole HTTP/1.1" 404 114
::1 - - [15/Aug/2022:06:39:23 +0000] "POST /api/vvgnli/v1/admin/changeUserRole HTTP/1.1" 404 97
::1 - - [15/Aug/2022:07:07:59 +0000] "POST /api/vvgnli/v1/admin/changeUserRole HTTP/1.1" 404 97
::1 - - [15/Aug/2022:07:08:02 +0000] "PATCH /api/vvgnli/v1/admin/changeUserRole HTTP/1.1" 400 57
::1 - - [15/Aug/2022:07:09:28 +0000] "PATCH /api/vvgnli/v1/admin/changeUserRole?userId=2f5f253c9bbd8594 HTTP/1.1" 403 56
::1 - - [15/Aug/2022:07:09:35 +0000] "PATCH /api/vvgnli/v1/admin/changeUserRole?userId=9c6447306bb063f1 HTTP/1.1" 400 54
::1 - - [15/Aug/2022:07:43:40 +0000] "PATCH /api/vvgnli/v1/admin/changeUserRole?userId=9c6447306bb063f1 HTTP/1.1" 400 1191
::1 - - [15/Aug/2022:07:44:08 +0000] "PATCH /api/vvgnli/v1/admin/changeUserRole?userId=9c6447306bb063f1 HTTP/1.1" 400 54
::1 - - [15/Aug/2022:07:44:20 +0000] "PATCH /api/vvgnli/v1/admin/changeUserRole?userId=9c6447306bb063f1 HTTP/1.1" 400 54
::1 - - [15/Aug/2022:07:45:14 +0000] "PATCH /api/vvgnli/v1/admin/changeUserRole?userId=9c6447306bb063f1 HTTP/1.1" 400 54
::1 - - [15/Aug/2022:07:45:32 +0000] "PATCH /api/vvgnli/v1/admin/changeUserRole?userId=2f5f253c9bbd8594 HTTP/1.1" 403 56
::1 - - [15/Aug/2022:07:45:38 +0000] "PATCH /api/vvgnli/v1/admin/changeUserRole?userId=9c6447306bb063f1 HTTP/1.1" 400 54
::1 - - [15/Aug/2022:07:45:45 +0000] "PATCH /api/vvgnli/v1/admin/changeUserRole?userId=9c6447306bb063f1 HTTP/1.1" 403 56
::1 - - [15/Aug/2022:07:45:54 +0000] "PATCH /api/vvgnli/v1/admin/changeUserRole?userId=2f5f253c9bbd8594 HTTP/1.1" 403 56
::1 - - [15/Aug/2022:07:46:05 +0000] "PATCH /api/vvgnli/v1/admin/changeUserRole?userId=9c6447306bb063f1 HTTP/1.1" 403 56
::1 - - [15/Aug/2022:07:46:54 +0000] "PATCH /api/vvgnli/v1/admin/changeUserRole?userId=9c6447306bb063f1 HTTP/1.1" 200 85
::1 - - [15/Aug/2022:08:17:15 +0000] "GET /api/vvgnli/v1/admin/getUserDetails HTTP/1.1" 400 57
::1 - - [15/Aug/2022:08:17:45 +0000] "GET /api/vvgnli/v1/admin/getUserDetails?userId=2f5f253c9bbd8594 HTTP/1.1" 403 56
::1 - - [15/Aug/2022:08:17:54 +0000] "GET /api/vvgnli/v1/admin/getUserDetails?userId=9c6447306bb063f1 HTTP/1.1" 200 191
::1 - - [15/Aug/2022:08:18:03 +0000] "GET /api/vvgnli/v1/admin/getUserDetails?userId=9c6447306bb063f1&count=true HTTP/1.1" 200 114
::1 - - [15/Aug/2022:16:04:59 +0000] "POST /api/vvgnli/v1/admin/webinars/createNewWebinar HTTP/1.1" 404 97
::1 - - [15/Aug/2022:16:05:36 +0000] "POST /api/vvgnli/v1/admin/webinars/createNewWebinar HTTP/1.1" 404 97
::1 - - [15/Aug/2022:16:06:19 +0000] "POST /api/vvgnli/v1/admin/webinars/createNewWebinar HTTP/1.1" 400 57
::1 - - [15/Aug/2022:16:07:27 +0000] "POST /api/vvgnli/v1/admin/webinars/createNewWebinar?userId=9c6447306bb063f1 HTTP/1.1" 400 73
::1 - - [15/Aug/2022:16:07:54 +0000] "POST /api/vvgnli/v1/admin/webinars/createNewWebinar?userId=9c6447306bb063f1 HTTP/1.1" 500 62
::1 - - [15/Aug/2022:16:08:29 +0000] "POST /api/vvgnli/v1/admin/webinars/createNewWebinar?userId=9c6447306bb063f1 HTTP/1.1" 500 62
::1 - - [15/Aug/2022:16:08:56 +0000] "POST /api/vvgnli/v1/admin/webinars/createNewWebinar?userId=9c6447306bb063f1 HTTP/1.1" 500 62
::1 - - [15/Aug/2022:16:10:27 +0000] "POST /api/vvgnli/v1/admin/webinars/createNewWebinar?userId=9c6447306bb063f1 HTTP/1.1" 201 -
::1 - - [15/Aug/2022:16:11:14 +0000] "POST /api/vvgnli/v1/admin/webinars/createNewWebinar?userId=9c6447306bb063f1 HTTP/1.1" 201 1898
::1 - - [15/Aug/2022:16:27:36 +0000] "GET /api/vvgnli/v1/admin/webinars/getWebinarInfo HTTP/1.1" 400 57
::1 - - [15/Aug/2022:16:27:58 +0000] "GET /api/vvgnli/v1/admin/webinars/getWebinarInfo?userId HTTP/1.1" 200 2
::1 - - [15/Aug/2022:16:28:14 +0000] "GET /api/vvgnli/v1/admin/webinars/getWebinarInfo HTTP/1.1" 200 2
::1 - - [15/Aug/2022:16:28:43 +0000] "GET /api/vvgnli/v1/admin/webinars/getWebinarInfo HTTP/1.1" 200 2
::1 - - [15/Aug/2022:16:29:09 +0000] "GET /api/vvgnli/v1/admin/webinars/getWebinarInfo HTTP/1.1" 400 73
::1 - - [15/Aug/2022:16:29:27 +0000] "GET /api/vvgnli/v1/admin/webinars/getWebinarInfo?webinarId=87564827886 HTTP/1.1" 200 2
::1 - - [15/Aug/2022:16:29:57 +0000] "GET /api/vvgnli/v1/admin/webinars/getWebinarInfo?webinarId=87564827886 HTTP/1.1" 200 2
::1 - - [15/Aug/2022:16:51:43 +0000] "GET /api/vvgnli/v1/admin/webinars/getWebinarInfo?webinarId=87564827886 HTTP/1.1" 200 2
::1 - - [15/Aug/2022:16:52:07 +0000] "POST /api/vvgnli/v1/admin/webinars/createNewWebinar?userId=9c6447306bb063f1 HTTP/1.1" 400 73
::1 - - [15/Aug/2022:16:52:19 +0000] "POST /api/vvgnli/v1/admin/webinars/createNewWebinar?userId=9c6447306bb063f1 HTTP/1.1" 500 63
::1 - - [15/Aug/2022:16:52:40 +0000] "POST /api/vvgnli/v1/admin/webinars/createNewWebinar?userId=9c6447306bb063f1 HTTP/1.1" 500 63
::1 - - [15/Aug/2022:16:52:54 +0000] "POST /api/vvgnli/v1/admin/webinars/createNewWebinar?userId=9c6447306bb063f1 HTTP/1.1" 201 1898
::1 - - [15/Aug/2022:16:53:30 +0000] "GET /api/vvgnli/v1/admin/webinars/getWebinarInfo?webinarId=83815106520 HTTP/1.1" 200 2
::1 - - [15/Aug/2022:17:08:42 +0000] "GET /api/vvgnli/v1/admin/webinars/getWebinarInfo?webinarId=83815106520 HTTP/1.1" 200 2
::1 - - [15/Aug/2022:17:09:01 +0000] "POST /api/vvgnli/v1/admin/webinars/createNewWebinar?userId=9c6447306bb063f1 HTTP/1.1" 500 63
::1 - - [15/Aug/2022:17:09:25 +0000] "POST /api/vvgnli/v1/admin/webinars/createNewWebinar?userId=9c6447306bb063f1 HTTP/1.1" 500 63
::1 - - [15/Aug/2022:17:09:56 +0000] "POST /api/vvgnli/v1/admin/webinars/createNewWebinar?userId=9c6447306bb063f1 HTTP/1.1" 500 63
::1 - - [15/Aug/2022:17:10:19 +0000] "POST /api/vvgnli/v1/admin/webinars/createNewWebinar?userId=9c6447306bb063f1 HTTP/1.1" 500 987
::1 - - [15/Aug/2022:17:10:50 +0000] "POST /api/vvgnli/v1/admin/webinars/createNewWebinar?userId=9c6447306bb063f1 HTTP/1.1" 201 1890
::1 - - [15/Aug/2022:17:11:36 +0000] "GET /api/vvgnli/v1/admin/webinars/getWebinarInfo?webinarId=83815106520 HTTP/1.1" 200 2
::1 - - [15/Aug/2022:17:11:58 +0000] "GET /api/vvgnli/v1/admin/webinars/getWebinarInfo?webinarId=83815106520 HTTP/1.1" 200 2
::1 - - [15/Aug/2022:17:13:57 +0000] "GET /api/vvgnli/v1/admin/webinars/getWebinarInfo?webinarId=83815106520 HTTP/1.1" 200 2
::1 - - [15/Aug/2022:17:14:39 +0000] "GET /api/vvgnli/v1/admin/webinars/getWebinarInfo?webinarId=83815106520 HTTP/1.1" 200 1928
::1 - - [15/Aug/2022:17:23:44 +0000] "POST /api/vvgnli/v1/user/update-password HTTP/1.1" 400 57
::1 - - [15/Aug/2022:17:24:24 +0000] "POST /api/vvgnli/v1/user/update-password HTTP/1.1" 400 57
::1 - - [15/Aug/2022:17:24:56 +0000] "POST /api/vvgnli/v1/user/update-password HTTP/1.1" 400 57
::1 - - [15/Aug/2022:17:25:16 +0000] "POST /api/vvgnli/v1/user/update-password HTTP/1.1" 400 57
::1 - - [15/Aug/2022:17:25:25 +0000] "POST /api/vvgnli/v1/user/update-password HTTP/1.1" 400 57
::1 - - [15/Aug/2022:17:25:41 +0000] "POST /api/vvgnli/v1/user/update-password HTTP/1.1" 200 71
::1 - - [15/Aug/2022:17:26:34 +0000] "POST /api/vvgnli/v1/user/update-password HTTP/1.1" 400 57
::1 - - [15/Aug/2022:17:26:46 +0000] "POST /api/vvgnli/v1/user/update-password HTTP/1.1" 400 57
::1 - - [15/Aug/2022:17:27:06 +0000] "POST /api/vvgnli/v1/user/update-password HTTP/1.1" 400 57
::1 - - [15/Aug/2022:17:27:29 +0000] "POST /api/vvgnli/v1/user/update-password HTTP/1.1" 200 71
::1 - - [15/Aug/2022:17:27:48 +0000] "POST /api/vvgnli/v1/user/update-password HTTP/1.1" 200 71
::1 - - [15/Aug/2022:17:27:49 +0000] "POST /api/vvgnli/v1/user/update-password HTTP/1.1" 200 71
::1 - - [16/Aug/2022:12:35:34 +0000] "POST /api/vvgnli/v1/admin/webinars/createNewWebinar HTTP/1.1" 400 57
::1 - - [16/Aug/2022:12:36:03 +0000] "POST /api/vvgnli/v1/admin/webinars/createNewWebinar HTTP/1.1" 400 57
::1 - - [16/Aug/2022:12:37:04 +0000] "POST /api/vvgnli/v1/admin/webinars/createNewWebinar HTTP/1.1" 400 57
::1 - - [16/Aug/2022:12:38:05 +0000] "POST /api/vvgnli/v1/admin/webinars/createNewWebinar HTTP/1.1" 403 56
::1 - - [16/Aug/2022:12:38:23 +0000] "POST /api/vvgnli/v1/admin/webinars/createNewWebinar HTTP/1.1" 400 73
::1 - - [16/Aug/2022:12:39:15 +0000] "POST /api/vvgnli/v1/admin/webinars/createNewWebinar HTTP/1.1" 400 73
::1 - - [16/Aug/2022:12:40:40 +0000] "POST /api/vvgnli/v1/admin/webinars/createNewWebinar HTTP/1.1" 400 73
::1 - - [17/Aug/2022:07:40:29 +0000] "GET /api/vvgnli/v1/admin/getUserDetails?count=true HTTP/1.1" 400 57
::1 - - [17/Aug/2022:07:40:52 +0000] "GET /api/vvgnli/v1/admin/getUserDetails?count=true&userId=b6860d3304033a86 HTTP/1.1" 400 57
::1 - - [17/Aug/2022:07:41:33 +0000] "GET /api/vvgnli/v1/admin/getUserDetails?count=true HTTP/1.1" 200 108
::1 - - [17/Aug/2022:07:41:44 +0000] "GET /api/vvgnli/v1/admin/getUserDetails HTTP/1.1" 200 412
::1 - - [17/Aug/2022:07:42:13 +0000] "GET /api/vvgnli/v1/getResearchWorkForUserId?userId=f6d5c5673fdc51ec HTTP/1.1" 400 57
::1 - - [17/Aug/2022:07:42:25 +0000] "GET /api/vvgnli/v1/getResearchWorkForUserId?userId=f6d5c5673fdc51ec HTTP/1.1" 200 196
::1 - - [17/Aug/2022:07:45:14 +0000] "POST /api/vvgnli/v1/admin/webinars/createNewWebinar HTTP/1.1" 200 18
::1 - - [17/Aug/2022:07:47:18 +0000] "POST /api/vvgnli/v1/admin/webinars/createNewWebinar HTTP/1.1" 200 18
::1 - - [17/Aug/2022:08:06:56 +0000] "POST /api/vvgnli/v1/admin/webinars/createNewWebinar HTTP/1.1" 400 269
::1 - - [17/Aug/2022:08:10:28 +0000] "POST /api/vvgnli/v1/admin/webinars/createNewWebinar HTTP/1.1" 400 269
::1 - - [17/Aug/2022:08:14:11 +0000] "POST /api/vvgnli/v1/admin/webinars/createNewWebinar HTTP/1.1" 201 1848
::1 - - [17/Aug/2022:08:16:29 +0000] "POST /api/vvgnli/v1/admin/webinars/createNewWebinar HTTP/1.1" 201 96
::1 - - [17/Aug/2022:08:23:28 +0000] "GET /api/vvgnli/v1/admin/webinars/getWebinarInfo HTTP/1.1" 400 73
::1 - - [17/Aug/2022:08:23:47 +0000] "GET /api/vvgnli/v1/admin/webinars/getWebinarInfo HTTP/1.1" 400 73
::1 - - [17/Aug/2022:08:24:40 +0000] "GET /api/vvgnli/v1/admin/webinars/getWebinarInfo?webinarId=uKZXyM3YQyGE6hiDOr0wJQ== HTTP/1.1" 200 409
::1 - - [17/Aug/2022:12:42:31 +0000] "POST /api/vvgnli/v1/handleProfilePic HTTP/1.1" 200 18
::1 - - [17/Aug/2022:12:46:04 +0000] "POST /api/vvgnli/v1/handleProfilePic HTTP/1.1" 200 18
::1 - - [17/Aug/2022:12:46:52 +0000] "POST /api/vvgnli/v1/handleProfilePic HTTP/1.1" 200 18
::1 - - [17/Aug/2022:12:47:23 +0000] "POST /api/vvgnli/v1/handleProfilePic HTTP/1.1" 200 18
::1 - - [17/Aug/2022:12:55:57 +0000] "POST /api/vvgnli/v1/handleProfilePic HTTP/1.1" 200 59
::1 - - [17/Aug/2022:12:56:19 +0000] "POST /api/vvgnli/v1/handleProfilePic HTTP/1.1" 200 59
::1 - - [17/Aug/2022:12:58:57 +0000] "POST /api/vvgnli/v1/handleProfilePic HTTP/1.1" 200 59
::1 - - [17/Aug/2022:13:03:55 +0000] "POST /api/vvgnli/v1/upload HTTP/1.1" 200 147
::1 - - [17/Aug/2022:13:04:14 +0000] "POST /api/vvgnli/v1/handleProfilePic HTTP/1.1" 200 59
::1 - - [17/Aug/2022:15:34:09 +0000] "POST /api/vvgnli/v1/login HTTP/1.1" 400 81
::1 - - [17/Aug/2022:15:34:27 +0000] "POST /api/vvgnli/v1/login HTTP/1.1" 400 81
::1 - - [17/Aug/2022:15:35:49 +0000] "POST /api/vvgnli/v1/login HTTP/1.1" 200 162
::1 - - [17/Aug/2022:15:37:08 +0000] "POST /api/vvgnli/v1/login HTTP/1.1" 200 162
::1 - - [17/Aug/2022:15:37:22 +0000] "POST /api/vvgnli/v1/login HTTP/1.1" 200 162
::1 - - [17/Aug/2022:15:37:41 +0000] "POST /api/vvgnli/v1/login HTTP/1.1" 200 162
::1 - - [17/Aug/2022:15:37:59 +0000] "POST /api/vvgnli/v1/login HTTP/1.1" 200 162
::1 - - [17/Aug/2022:15:38:20 +0000] "POST /api/vvgnli/v1/login HTTP/1.1" 200 162
::1 - - [17/Aug/2022:15:38:44 +0000] "POST /api/vvgnli/v1/login HTTP/1.1" 200 266
::1 - - [17/Aug/2022:15:42:22 +0000] "POST /api/vvgnli/v1/login HTTP/1.1" 200 181
::1 - - [17/Aug/2022:15:42:58 +0000] "POST /api/vvgnli/v1/login HTTP/1.1" 200 266
::1 - - [17/Aug/2022:18:29:39 +0000] "POST /api/vvgnli/v1/admin/webinars/createNewWebinar?userId=9c6447306bb063f1 HTTP/1.1" 400 90
