::1 - - [21/Aug/2022:18:31:45 +0000] "GET /api/vvgnli/v1/admin/webinars/getJoinedUsersInfo?webinarId=87409040552 HTTP/1.1" 400 68
::1 - - [21/Aug/2022:18:31:51 +0000] "GET /api/vvgnli/v1/admin/webinars/getJoinedUsersInfo?webinarId=89649802474 HTTP/1.1" 200 101
::1 - - [21/Aug/2022:18:35:03 +0000] "DELETE /api/vvgnli/v1/admin/webinars/deleteWebinar HTTP/1.1" 404 49
::1 - - [21/Aug/2022:18:35:39 +0000] "POST /api/vvgnli/v1/admin/webinars/registerParticipant HTTP/1.1" 200 86
::1 - - [21/Aug/2022:18:36:47 +0000] "POST /api/vvgnli/v1/admin/webinars/registerParticipant HTTP/1.1" 409 86
::1 - - [21/Aug/2022:18:37:26 +0000] "DELETE /api/vvgnli/v1/admin/webinars/deleteWebinar HTTP/1.1" 404 49
::1 - - [21/Aug/2022:18:38:05 +0000] "DELETE /api/vvgnli/v1/admin/webinars/deleteWebinar HTTP/1.1" 200 48
::1 - - [21/Aug/2022:18:38:17 +0000] "DELETE /api/vvgnli/v1/admin/webinars/deleteWebinar HTTP/1.1" 200 116
::1 - - [21/Aug/2022:18:38:41 +0000] "POST /api/vvgnli/v1/admin/webinars/createNewWebinar HTTP/1.1" 201 81
::1 - - [21/Aug/2022:18:38:57 +0000] "POST /api/vvgnli/v1/admin/webinars/registerParticipant HTTP/1.1" 200 65
::1 - - [21/Aug/2022:18:40:20 +0000] "GET /api/vvgnli/v1/admin/webinars/getRegisteredUsers?webinarId=89649802474 HTTP/1.1" 404 47
::1 - - [21/Aug/2022:18:40:32 +0000] "GET /api/vvgnli/v1/admin/webinars/getRegisteredUsers?webinarId=82776277763 HTTP/1.1" 200 167
::1 - - [21/Aug/2022:18:52:19 +0000] "GET /api/vvgnli/v1/admin/webinars/getPastWebinars HTTP/1.1" 400 62
::1 - - [21/Aug/2022:18:53:44 +0000] "GET /api/vvgnli/v1/admin/webinars/getPastWebinars HTTP/1.1" 200 30
::1 - - [21/Aug/2022:18:54:18 +0000] "GET /api/vvgnli/v1/admin/webinars/getOngoingWebinars HTTP/1.1" 400 62
::1 - - [21/Aug/2022:18:54:33 +0000] "GET /api/vvgnli/v1/admin/webinars/getOngoingWebinars HTTP/1.1" 200 30
::1 - - [21/Aug/2022:18:54:58 +0000] "GET /api/vvgnli/v1/admin/webinars/getFutureWebinars HTTP/1.1" 400 62
::1 - - [21/Aug/2022:18:55:05 +0000] "GET /api/vvgnli/v1/admin/webinars/getFutureWebinars HTTP/1.1" 200 971
::1 - - [22/Aug/2022:06:15:51 +0000] "POST /api/vvgnli/v1/handleProfilePic HTTP/1.1" 200 59
::1 - - [22/Aug/2022:06:16:27 +0000] "POST /api/vvgnli/v1/login HTTP/1.1" 403 112
::1 - - [22/Aug/2022:06:23:06 +0000] "POST /api/vvgnli/v1/login HTTP/1.1" 403 68
::1 - - [22/Aug/2022:06:26:54 +0000] "POST /api/vvgnli/v1/login HTTP/1.1" 403 68
::1 - - [22/Aug/2022:06:37:30 +0000] "POST /api/vvgnli/v1/signup HTTP/1.1" - -
::1 - - [22/Aug/2022:06:38:41 +0000] "POST /api/vvgnli/v1/login HTTP/1.1" 400 47
::1 - - [22/Aug/2022:06:39:37 +0000] "POST /api/vvgnli/v1/login HTTP/1.1" 400 47
::1 - - [22/Aug/2022:06:40:17 +0000] "POST /api/vvgnli/v1/login HTTP/1.1" 403 68
::1 - - [22/Aug/2022:07:02:29 +0000] "POST /api/vvgnli/v1/login HTTP/1.1" 200 453
::1 - - [22/Aug/2022:07:03:45 +0000] "PATCH /api/vvgnli/v1/updateProfile HTTP/1.1" 404 97
::1 - - [22/Aug/2022:07:04:19 +0000] "PATCH /api/vvgnli/v1/updateProfile HTTP/1.1" 200 59
::1 - - [22/Aug/2022:07:19:46 +0000] "POST /api/vvgnli/v1/upload HTTP/1.1" 200 148
::1 - - [22/Aug/2022:07:20:25 +0000] "POST /api/vvgnli/v1/postHandle HTTP/1.1" 404 97
::1 - - [22/Aug/2022:07:20:42 +0000] "POST /api/vvgnli/v1/post/postHandle HTTP/1.1" 201 111
::1 - - [22/Aug/2022:07:21:15 +0000] "POST /api/vvgnli/v1/updatePostStatus HTTP/1.1" 404 97
::1 - - [22/Aug/2022:07:21:22 +0000] "POST /api/vvgnli/v1/post/updatePostStatus HTTP/1.1" 403 56
::1 - - [22/Aug/2022:07:22:26 +0000] "POST /api/vvgnli/v1/comment HTTP/1.1" 404 97
::1 - - [22/Aug/2022:07:22:36 +0000] "POST /api/vvgnli/v1/post/comment HTTP/1.1" 201 75
::1 - - [22/Aug/2022:07:23:50 +0000] "GET /api/vvgnli/v1/getCommentsOnPost?mediaId=cadfbf3c-878f-44e5-a794-1caf7683ae2b.jpeg HTTP/1.1" 404 97
::1 - - [22/Aug/2022:07:23:56 +0000] "GET /api/vvgnli/v1/post/getCommentsOnPost?mediaId=cadfbf3c-878f-44e5-a794-1caf7683ae2b.jpeg HTTP/1.1" 200 180
::1 - - [22/Aug/2022:07:24:52 +0000] "GET /api/vvgnli/v1/post/getCommentsOnPost?mediaId=cadfbf3c-878f-44e5-a794-1caf7683ae2b.jpeg HTTP/1.1" 200 180
::1 - - [22/Aug/2022:07:25:05 +0000] "POST /api/vvgnli/v1/post/comment HTTP/1.1" 201 75
::1 - - [22/Aug/2022:07:25:11 +0000] "GET /api/vvgnli/v1/post/getCommentsOnPost?mediaId=cadfbf3c-878f-44e5-a794-1caf7683ae2b.jpeg HTTP/1.1" 200 263
::1 - - [22/Aug/2022:07:38:58 +0000] "POST /api/vvgnli/v1/handleProfilePic HTTP/1.1" 200 158
