::1 - - [20/Aug/2022:18:36:21 +0000] "POST /api/vvgnli/v1/login HTTP/1.1" 403 109
::1 - - [20/Aug/2022:18:36:22 +0000] "POST /api/vvgnli/v1/login HTTP/1.1" 403 109
::1 - - [20/Aug/2022:18:36:23 +0000] "POST /api/vvgnli/v1/login HTTP/1.1" 403 109
::1 - - [20/Aug/2022:18:36:29 +0000] "POST /api/vvgnli/v1/login HTTP/1.1" 200 444
::1 - - [20/Aug/2022:18:37:38 +0000] "POST /api/vvgnli/v1/login HTTP/1.1" 200 444
::1 - - [20/Aug/2022:18:37:46 +0000] "POST /api/vvgnli/v1/login HTTP/1.1" 200 444
::1 - - [20/Aug/2022:18:37:46 +0000] "POST /api/vvgnli/v1/login HTTP/1.1" 200 444
::1 - - [20/Aug/2022:18:37:47 +0000] "POST /api/vvgnli/v1/login HTTP/1.1" 200 444
::1 - - [20/Aug/2022:18:37:54 +0000] "POST /api/vvgnli/v1/login HTTP/1.1" 200 444
::1 - - [20/Aug/2022:18:38:04 +0000] "POST /api/vvgnli/v1/login HTTP/1.1" 200 444
::1 - - [20/Aug/2022:18:38:04 +0000] "POST /api/vvgnli/v1/login HTTP/1.1" 200 444
::1 - - [20/Aug/2022:18:38:05 +0000] "POST /api/vvgnli/v1/login HTTP/1.1" 200 444
::1 - - [20/Aug/2022:18:38:06 +0000] "POST /api/vvgnli/v1/login HTTP/1.1" 200 444
::1 - - [20/Aug/2022:18:38:06 +0000] "POST /api/vvgnli/v1/login HTTP/1.1" 200 444
::1 - - [20/Aug/2022:18:41:30 +0000] "POST /api/vvgnli/v1/login HTTP/1.1" 200 444
::1 - - [20/Aug/2022:18:42:16 +0000] "POST /api/vvgnli/v1/login HTTP/1.1" 200 444
::1 - - [20/Aug/2022:18:42:22 +0000] "POST /api/vvgnli/v1/login HTTP/1.1" 200 444
::1 - - [20/Aug/2022:18:42:22 +0000] "POST /api/vvgnli/v1/login HTTP/1.1" 200 444
::1 - - [20/Aug/2022:18:42:22 +0000] "POST /api/vvgnli/v1/login HTTP/1.1" 200 444
::1 - - [20/Aug/2022:18:42:23 +0000] "POST /api/vvgnli/v1/login HTTP/1.1" 200 444
::1 - - [20/Aug/2022:18:42:24 +0000] "POST /api/vvgnli/v1/login HTTP/1.1" 200 444
::1 - - [20/Aug/2022:18:42:24 +0000] "POST /api/vvgnli/v1/login HTTP/1.1" 200 444
::1 - - [20/Aug/2022:18:42:25 +0000] "POST /api/vvgnli/v1/login HTTP/1.1" 200 444
::1 - - [20/Aug/2022:18:42:25 +0000] "POST /api/vvgnli/v1/login HTTP/1.1" 200 444
::1 - - [20/Aug/2022:18:47:19 +0000] "POST /api/vvgnli/v1/signup HTTP/1.1" 409 91
::1 - - [20/Aug/2022:18:51:22 +0000] "POST /api/vvgnli/v1/login HTTP/1.1" 200 444
::1 - - [20/Aug/2022:18:51:59 +0000] "POST /api/vvgnli/v1/login HTTP/1.1" 200 444
::1 - - [20/Aug/2022:18:59:19 +0000] "POST /api/vvgnli/v1/login HTTP/1.1" 200 444
::1 - - [20/Aug/2022:19:22:18 +0000] "POST /api/vvgnli/v1/login HTTP/1.1" 400 1127
::1 - - [20/Aug/2022:19:22:26 +0000] "POST /api/vvgnli/v1/login HTTP/1.1" 403 109
::1 - - [20/Aug/2022:19:26:45 +0000] "POST /api/vvgnli/v1/login HTTP/1.1" 403 109
::1 - - [20/Aug/2022:19:29:16 +0000] "POST /api/vvgnli/v1/signup HTTP/1.1" 201 62
::1 - - [20/Aug/2022:19:29:42 +0000] "POST /api/vvgnli/v1/login HTTP/1.1" 200 450
::1 - - [20/Aug/2022:19:31:19 +0000] "POST /api/vvgnli/v1/login HTTP/1.1" 403 68
::1 - - [20/Aug/2022:19:35:26 +0000] "GET / HTTP/1.1" 200 97
::1 - - [20/Aug/2022:19:35:26 +0000] "GET /favicon.ico HTTP/1.1" 404 97
::1 - - [20/Aug/2022:19:35:45 +0000] "GET / HTTP/1.1" 200 97
::1 - - [20/Aug/2022:19:39:45 +0000] "GET / HTTP/1.1" 200 97
::1 - - [20/Aug/2022:19:51:37 +0000] "POST /api/vvgnli/v1/signup HTTP/1.1" 409 97
::1 - - [20/Aug/2022:19:56:48 +0000] "POST /api/vvgnli/v1/signup HTTP/1.1" 409 97
::1 - - [20/Aug/2022:19:59:40 +0000] "POST /api/vvgnli/v1/signup HTTP/1.1" 409 97
::1 - - [20/Aug/2022:19:59:50 +0000] "POST /api/vvgnli/v1/signup HTTP/1.1" 201 62
::1 - - [20/Aug/2022:20:01:31 +0000] "GET / HTTP/1.1" 200 97
::1 - - [20/Aug/2022:20:02:03 +0000] "GET / HTTP/1.1" 200 97
::1 - - [20/Aug/2022:20:31:37 +0000] "GET / HTTP/1.1" 200 97
::1 - - [20/Aug/2022:20:33:05 +0000] "GET / HTTP/1.1" 200 97
::1 - - [20/Aug/2022:20:33:18 +0000] "GET / HTTP/1.1" 200 97
::1 - - [20/Aug/2022:20:34:34 +0000] "GET / HTTP/1.1" 200 97
::1 - - [20/Aug/2022:20:39:28 +0000] "GET / HTTP/1.1" 500 1448
::1 - - [20/Aug/2022:20:39:56 +0000] "GET / HTTP/1.1" 200 97
::1 - - [20/Aug/2022:20:40:09 +0000] "GET / HTTP/1.1" 200 97
::1 - - [20/Aug/2022:20:40:40 +0000] "GET / HTTP/1.1" 200 97
::1 - - [20/Aug/2022:20:40:47 +0000] "GET / HTTP/1.1" 200 97
::1 - - [20/Aug/2022:20:42:05 +0000] "GET / HTTP/1.1" 200 97
::1 - - [20/Aug/2022:20:42:36 +0000] "GET / HTTP/1.1" 200 97
::1 - - [20/Aug/2022:20:42:52 +0000] "GET / HTTP/1.1" 200 97
::1 - - [20/Aug/2022:20:43:02 +0000] "GET / HTTP/1.1" 200 97
::1 - - [20/Aug/2022:20:44:18 +0000] "GET / HTTP/1.1" 200 97
::1 - - [20/Aug/2022:20:44:26 +0000] "GET / HTTP/1.1" 200 97
::1 - - [20/Aug/2022:20:45:14 +0000] "GET / HTTP/1.1" 200 97
::1 - - [20/Aug/2022:20:53:24 +0000] "GET /api/vvgnli/v1/verifyAccount HTTP/1.1" 400 63
::1 - - [20/Aug/2022:20:53:38 +0000] "GET /api/vvgnli/v1/verifyAccount?token=thisissampletoken HTTP/1.1" 200 2
::1 - - [20/Aug/2022:20:53:56 +0000] "GET /api/vvgnli/v1/verifyAccount?token=thisissampletoken HTTP/1.1" 200 29
::1 - - [20/Aug/2022:20:54:21 +0000] "GET /api/vvgnli/v1/verifyAccount?token=thisissampletoken HTTP/1.1" 200 80
::1 - - [20/Aug/2022:20:54:22 +0000] "GET /api/vvgnli/v1/verifyAccount?token=thisissampletoken HTTP/1.1" 200 80
::1 - - [20/Aug/2022:20:54:23 +0000] "GET /api/vvgnli/v1/verifyAccount?token=thisissampletoken HTTP/1.1" 200 80
::1 - - [20/Aug/2022:20:54:24 +0000] "GET /api/vvgnli/v1/verifyAccount?token=thisissampletoken HTTP/1.1" 200 80
::1 - - [20/Aug/2022:20:55:52 +0000] "GET /api/vvgnli/v1/verifyAccount?token=OTk2MTI5NjhjZGJjMjJmNA== HTTP/1.1" 200 64
::1 - - [20/Aug/2022:20:55:58 +0000] "GET /api/vvgnli/v1/verifyAccount?token=OTk2MTI5NjhjZGJjMjJmNA== HTTP/1.1" 200 64
::1 - - [20/Aug/2022:20:55:59 +0000] "GET /api/vvgnli/v1/verifyAccount?token=OTk2MTI5NjhjZGJjMjJmNA== HTTP/1.1" 200 64
::1 - - [20/Aug/2022:20:56:00 +0000] "GET /api/vvgnli/v1/verifyAccount?token=OTk2MTI5NjhjZGJjMjJmNA== HTTP/1.1" 200 64
::1 - - [20/Aug/2022:20:56:01 +0000] "GET /api/vvgnli/v1/verifyAccount?token=OTk2MTI5NjhjZGJjMjJmNA== HTTP/1.1" 200 64
::1 - - [20/Aug/2022:20:56:02 +0000] "GET /api/vvgnli/v1/verifyAccount?token=OTk2MTI5NjhjZGJjMjJmNA== HTTP/1.1" 200 64
::1 - - [20/Aug/2022:21:01:45 +0000] "GET /api/vvgnli/v1/verifyAccount?token=OTk2MTI5NjhjZGJjMjJmNA== HTTP/1.1" 400 56
::1 - - [20/Aug/2022:21:02:44 +0000] "GET /api/vvgnli/v1/verifyAccount?token=ZDM3NDk1OGEwZTRhNTg3NA HTTP/1.1" 200 62
::1 - - [20/Aug/2022:21:02:52 +0000] "GET /api/vvgnli/v1/verifyAccount?token=ZDM3NDk1OGEwZTRhNTg3NA HTTP/1.1" 200 62
::1 - - [20/Aug/2022:21:03:13 +0000] "GET /api/vvgnli/v1/verifyAccount?token=ZDM3NDk1OGEwZTRhNTg3NA HTTP/1.1" 200 62
::1 - - [20/Aug/2022:21:06:17 +0000] "GET /api/vvgnli/v1/verifyAccount?token=ZDM3NDk1OGEwZTRhNTg3NA HTTP/1.1" 200 267
::1 - - [20/Aug/2022:21:06:51 +0000] "GET /api/vvgnli/v1/verifyAccount?token=ZDM3NDk1OGEwZTRhNTg3NA HTTP/1.1" 200 62
::1 - - [20/Aug/2022:21:08:19 +0000] "GET /api/vvgnli/v1/verifyAccount?token=ZDM3NDk1OGEwZTRhNTg3NA HTTP/1.1" 200 224
::1 - - [20/Aug/2022:21:10:25 +0000] "GET /api/vvgnli/v1/verifyAccount?token=ZDM3NDk1OGEwZTRhNTg3NA HTTP/1.1" 200 78
::1 - - [20/Aug/2022:21:10:33 +0000] "GET /api/vvgnli/v1/verifyAccount?token=ZDM3NDk1OGEwZTRhNTg3NA HTTP/1.1" 200 78
::1 - - [20/Aug/2022:21:10:34 +0000] "GET /api/vvgnli/v1/verifyAccount?token=ZDM3NDk1OGEwZTRhNTg3NA HTTP/1.1" 200 78
::1 - - [20/Aug/2022:21:10:35 +0000] "GET /api/vvgnli/v1/verifyAccount?token=ZDM3NDk1OGEwZTRhNTg3NA HTTP/1.1" 200 78
::1 - - [20/Aug/2022:21:10:45 +0000] "GET /api/vvgnli/v1/verifyAccount?token=ZDM3NDk1OGEwZTRhNTg3NA HTTP/1.1" 200 78
::1 - - [20/Aug/2022:21:11:04 +0000] "GET /api/vvgnli/v1/verifyAccount?token=ZDM3NDk1OGEwZTRhNTg3NA HTTP/1.1" 200 78
::1 - - [20/Aug/2022:21:11:12 +0000] "GET /api/vvgnli/v1/verifyAccount?token=ZDM3NDk1OGEwZTRhNTg3NA HTTP/1.1" 200 78
::1 - - [20/Aug/2022:21:11:24 +0000] "GET /api/vvgnli/v1/verifyAccount?token=ZDM3NDk1OGEwZTRhNTg3NA HTTP/1.1" 200 77
::1 - - [20/Aug/2022:21:11:29 +0000] "GET /api/vvgnli/v1/verifyAccount?token=ZDM3NDk1OGEwZTRhNTg3NAf HTTP/1.1" 200 84
::1 - - [20/Aug/2022:21:11:43 +0000] "GET /api/vvgnli/v1/verifyAccount?token=ZDM3NDk1OGEwZTRhNTg3NAfegdrhgbfcv HTTP/1.1" 400 56
::1 - - [20/Aug/2022:21:18:25 +0000] "GET /api/vvgnli/v1/verifyAccount?token=ZDM3NDk1OGEwZTRhNTg3NA HTTP/1.1" 400 56
::1 - - [20/Aug/2022:21:21:06 +0000] "GET /api/vvgnli/v1/verifyAccount?token=ZDM3NDk1OGEwZTRhNTg3NA HTTP/1.1" 200 59
::1 - - [20/Aug/2022:21:21:21 +0000] "POST /api/vvgnli/v1/login HTTP/1.1" 200 450
::1 - - [20/Aug/2022:21:21:31 +0000] "POST /api/vvgnli/v1/login HTTP/1.1" 200 450
::1 - - [20/Aug/2022:21:21:32 +0000] "POST /api/vvgnli/v1/login HTTP/1.1" 200 450
::1 - - [20/Aug/2022:21:21:56 +0000] "POST /api/vvgnli/v1/login HTTP/1.1" 403 68
::1 - - [20/Aug/2022:21:31:54 +0000] "GET /api/vvgnli/v1/verifyAccount?token=ZDM3NDk1OGEwZTRhNTg3NA HTTP/1.1" 200 59
::1 - - [20/Aug/2022:21:31:55 +0000] "GET /api/vvgnli/v1/verifyAccount?token=ZDM3NDk1OGEwZTRhNTg3NA HTTP/1.1" 400 56
::1 - - [20/Aug/2022:21:31:57 +0000] "GET /api/vvgnli/v1/verifyAccount?token=ZDM3NDk1OGEwZTRhNTg3NA HTTP/1.1" 400 56
::1 - - [20/Aug/2022:21:31:58 +0000] "GET /api/vvgnli/v1/verifyAccount?token=ZDM3NDk1OGEwZTRhNTg3NA HTTP/1.1" 400 56
::1 - - [20/Aug/2022:21:31:59 +0000] "GET /api/vvgnli/v1/verifyAccount?token=ZDM3NDk1OGEwZTRhNTg3NA HTTP/1.1" 400 56
::1 - - [20/Aug/2022:21:32:00 +0000] "GET /api/vvgnli/v1/verifyAccount?token=ZDM3NDk1OGEwZTRhNTg3NA HTTP/1.1" 400 56
::1 - - [20/Aug/2022:21:32:01 +0000] "GET /api/vvgnli/v1/verifyAccount?token=ZDM3NDk1OGEwZTRhNTg3NA HTTP/1.1" 400 56
::1 - - [20/Aug/2022:21:32:01 +0000] "GET /api/vvgnli/v1/verifyAccount?token=ZDM3NDk1OGEwZTRhNTg3NA HTTP/1.1" 400 56
::1 - - [20/Aug/2022:21:32:02 +0000] "GET /api/vvgnli/v1/verifyAccount?token=ZDM3NDk1OGEwZTRhNTg3NA HTTP/1.1" 400 56
::1 - - [20/Aug/2022:21:32:03 +0000] "GET /api/vvgnli/v1/verifyAccount?token=ZDM3NDk1OGEwZTRhNTg3NA HTTP/1.1" 400 56
::1 - - [20/Aug/2022:21:32:04 +0000] "GET /api/vvgnli/v1/verifyAccount?token=ZDM3NDk1OGEwZTRhNTg3NA HTTP/1.1" 400 56
::1 - - [20/Aug/2022:21:38:43 +0000] "GET /api/vvgnli/v1/verifyAccount?token=ZDM3NDk1OGEwZTRhNTg3NA HTTP/1.1" 400 83
::1 - - [20/Aug/2022:21:38:44 +0000] "GET /api/vvgnli/v1/verifyAccount?token=ZDM3NDk1OGEwZTRhNTg3NA HTTP/1.1" 400 83
::1 - - [20/Aug/2022:21:38:45 +0000] "GET /api/vvgnli/v1/verifyAccount?token=ZDM3NDk1OGEwZTRhNTg3NA HTTP/1.1" 400 83
::1 - - [20/Aug/2022:21:38:46 +0000] "GET /api/vvgnli/v1/verifyAccount?token=ZDM3NDk1OGEwZTRhNTg3NA HTTP/1.1" 400 83
::1 - - [20/Aug/2022:21:38:47 +0000] "GET /api/vvgnli/v1/verifyAccount?token=ZDM3NDk1OGEwZTRhNTg3NA HTTP/1.1" 400 83
::1 - - [20/Aug/2022:21:38:48 +0000] "GET /api/vvgnli/v1/verifyAccount?token=ZDM3NDk1OGEwZTRhNTg3NA HTTP/1.1" 400 83
::1 - - [20/Aug/2022:21:38:49 +0000] "GET /api/vvgnli/v1/verifyAccount?token=ZDM3NDk1OGEwZTRhNTg3NA HTTP/1.1" 400 83
::1 - - [20/Aug/2022:21:38:49 +0000] "GET /api/vvgnli/v1/verifyAccount?token=ZDM3NDk1OGEwZTRhNTg3NA HTTP/1.1" 400 83
::1 - - [20/Aug/2022:21:38:50 +0000] "GET /api/vvgnli/v1/verifyAccount?token=ZDM3NDk1OGEwZTRhNTg3NA HTTP/1.1" 400 83
::1 - - [20/Aug/2022:21:38:51 +0000] "GET /api/vvgnli/v1/verifyAccount?token=ZDM3NDk1OGEwZTRhNTg3NA HTTP/1.1" 400 83
::1 - - [20/Aug/2022:21:38:51 +0000] "GET /api/vvgnli/v1/verifyAccount?token=ZDM3NDk1OGEwZTRhNTg3NA HTTP/1.1" 400 83
::1 - - [20/Aug/2022:21:38:52 +0000] "GET /api/vvgnli/v1/verifyAccount?token=ZDM3NDk1OGEwZTRhNTg3NA HTTP/1.1" 400 83
::1 - - [20/Aug/2022:21:38:54 +0000] "GET /api/vvgnli/v1/verifyAccount?token=ZDM3NDk1OGEwZTRhNTg3NA HTTP/1.1" 400 83
::1 - - [20/Aug/2022:21:38:57 +0000] "GET /api/vvgnli/v1/verifyAccount?token=ZDM3NDk1OGEwZTRhNTg3NA HTTP/1.1" 400 83
::1 - - [20/Aug/2022:21:38:58 +0000] "GET /api/vvgnli/v1/verifyAccount?token=ZDM3NDk1OGEwZTRhNTg3NA HTTP/1.1" 400 83
::1 - - [20/Aug/2022:21:38:59 +0000] "GET /api/vvgnli/v1/verifyAccount?token=ZDM3NDk1OGEwZTRhNTg3NA HTTP/1.1" 400 83
::1 - - [20/Aug/2022:21:38:59 +0000] "GET /api/vvgnli/v1/verifyAccount?token=ZDM3NDk1OGEwZTRhNTg3NA HTTP/1.1" 400 83
::1 - - [20/Aug/2022:21:39:00 +0000] "GET /api/vvgnli/v1/verifyAccount?token=ZDM3NDk1OGEwZTRhNTg3NA HTTP/1.1" 400 83
::1 - - [20/Aug/2022:21:39:01 +0000] "GET /api/vvgnli/v1/verifyAccount?token=ZDM3NDk1OGEwZTRhNTg3NA HTTP/1.1" 400 83
::1 - - [20/Aug/2022:21:39:01 +0000] "GET /api/vvgnli/v1/verifyAccount?token=ZDM3NDk1OGEwZTRhNTg3NA HTTP/1.1" 400 83
::1 - - [20/Aug/2022:21:39:02 +0000] "GET /api/vvgnli/v1/verifyAccount?token=ZDM3NDk1OGEwZTRhNTg3NA HTTP/1.1" 400 83
::1 - - [20/Aug/2022:21:39:03 +0000] "GET /api/vvgnli/v1/verifyAccount?token=ZDM3NDk1OGEwZTRhNTg3NA HTTP/1.1" 400 83
::1 - - [20/Aug/2022:21:40:45 +0000] "GET /api/vvgnli/v1/verifyAccount?token=ZDM3NDk1OGEwZTRhNTg3NA HTTP/1.1" 400 83
::1 - - [20/Aug/2022:21:40:46 +0000] "GET /api/vvgnli/v1/verifyAccount?token=ZDM3NDk1OGEwZTRhNTg3NA HTTP/1.1" 400 83
::1 - - [20/Aug/2022:21:40:47 +0000] "GET /api/vvgnli/v1/verifyAccount?token=ZDM3NDk1OGEwZTRhNTg3NA HTTP/1.1" 400 83
::1 - - [20/Aug/2022:21:40:48 +0000] "GET /api/vvgnli/v1/verifyAccount?token=ZDM3NDk1OGEwZTRhNTg3NA HTTP/1.1" 400 83
::1 - - [20/Aug/2022:21:41:32 +0000] "GET /api/vvgnli/v1/verifyAccount?token=ZDM3NDk1OGEwZTRhNTg3NA HTTP/1.1" 400 83
::1 - - [20/Aug/2022:21:41:33 +0000] "GET /api/vvgnli/v1/verifyAccount?token=ZDM3NDk1OGEwZTRhNTg3NA HTTP/1.1" 400 83
::1 - - [20/Aug/2022:21:41:34 +0000] "GET /api/vvgnli/v1/verifyAccount?token=ZDM3NDk1OGEwZTRhNTg3NA HTTP/1.1" 400 83
::1 - - [20/Aug/2022:21:41:34 +0000] "GET /api/vvgnli/v1/verifyAccount?token=ZDM3NDk1OGEwZTRhNTg3NA HTTP/1.1" 400 83
::1 - - [20/Aug/2022:21:45:44 +0000] "GET /api/vvgnli/v1/verifyAccount?token=ZDM3NDk1OGEwZTRhNTg3NA HTTP/1.1" 400 83
::1 - - [20/Aug/2022:21:46:05 +0000] "GET /api/vvgnli/v1/verifyAccount?token=ZDM3NDk1OGEwZTRhNTg3NA HTTP/1.1" 400 83
::1 - - [20/Aug/2022:21:46:06 +0000] "GET /api/vvgnli/v1/verifyAccount?token=ZDM3NDk1OGEwZTRhNTg3NA HTTP/1.1" 400 83
::1 - - [21/Aug/2022:10:22:53 +0000] "GET /api/vvgnli/v1/admin/webinars/getJoinedUsersInfo HTTP/1.1" 400 57
::1 - - [21/Aug/2022:10:23:15 +0000] "GET /api/vvgnli/v1/admin/webinars/getJoinedUsersInfo HTTP/1.1" 400 62
::1 - - [21/Aug/2022:10:23:36 +0000] "GET /api/vvgnli/v1/admin/webinars/getJoinedUsersInfo HTTP/1.1" 403 56
::1 - - [21/Aug/2022:10:23:46 +0000] "GET /api/vvgnli/v1/admin/webinars/getJoinedUsersInfo HTTP/1.1" 400 73
::1 - - [21/Aug/2022:10:24:07 +0000] "GET /api/vvgnli/v1/admin/webinars/getJoinedUsersInfo?webinarId=84653755702 HTTP/1.1" 200 212
::1 - - [21/Aug/2022:10:24:17 +0000] "GET /api/vvgnli/v1/admin/webinars/getJoinedUsersInfo?webinarId=846537557022 HTTP/1.1" 400 74
::1 - - [21/Aug/2022:10:24:54 +0000] "GET /api/vvgnli/v1/admin/webinars/getJoinedUsersInfo?webinarId=846537557022 HTTP/1.1" 400 76
::1 - - [21/Aug/2022:10:24:59 +0000] "GET /api/vvgnli/v1/admin/webinars/getJoinedUsersInfo?webinarId=846537557022 HTTP/1.1" 400 76
::1 - - [21/Aug/2022:10:25:47 +0000] "GET /api/vvgnli/v1/admin/webinars/getJoinedUsersInfo?webinarId=846537557022 HTTP/1.1" 400 76
::1 - - [21/Aug/2022:10:25:50 +0000] "GET /api/vvgnli/v1/admin/webinars/getJoinedUsersInfo?webinarId=84653755702 HTTP/1.1" 200 212
::1 - - [21/Aug/2022:10:25:59 +0000] "GET /api/vvgnli/v1/admin/webinars/getJoinedUsersInfo?webinarId=84653755702 HTTP/1.1" 200 212
::1 - - [21/Aug/2022:10:26:00 +0000] "GET /api/vvgnli/v1/admin/webinars/getJoinedUsersInfo?webinarId=84653755702 HTTP/1.1" 200 212
::1 - - [21/Aug/2022:10:26:20 +0000] "GET /api/vvgnli/v1/admin/webinars/getJoinedUsersInfo?webinarId=84653755702 HTTP/1.1" 200 225
::1 - - [21/Aug/2022:10:28:21 +0000] "GET /api/vvgnli/v1/admin/webinars/getJoinedUsersInfo?webinarId=84653755702 HTTP/1.1" 200 225
::1 - - [21/Aug/2022:10:28:22 +0000] "GET /api/vvgnli/v1/admin/webinars/getJoinedUsersInfo?webinarId=84653755702 HTTP/1.1" 200 225
::1 - - [21/Aug/2022:10:28:23 +0000] "GET /api/vvgnli/v1/admin/webinars/getJoinedUsersInfo?webinarId=84653755702 HTTP/1.1" 200 225
::1 - - [21/Aug/2022:10:37:28 +0000] "GET /api/vvgnli/v1/admin/webinars/deleteWebinar HTTP/1.1" 404 97
::1 - - [21/Aug/2022:10:37:33 +0000] "DELETE /api/vvgnli/v1/admin/webinars/deleteWebinar HTTP/1.1" 400 62
::1 - - [21/Aug/2022:10:37:55 +0000] "POST /api/vvgnli/v1/signup HTTP/1.1" 201 62
::1 - - [21/Aug/2022:10:38:10 +0000] "DELETE /api/vvgnli/v1/admin/webinars/deleteWebinar HTTP/1.1" 403 56
::1 - - [21/Aug/2022:10:38:17 +0000] "DELETE /api/vvgnli/v1/admin/webinars/deleteWebinar HTTP/1.1" 400 83
::1 - - [21/Aug/2022:10:38:37 +0000] "DELETE /api/vvgnli/v1/admin/webinars/deleteWebinar HTTP/1.1" 200 57
::1 - - [21/Aug/2022:10:40:33 +0000] "DELETE /api/vvgnli/v1/admin/webinars/deleteWebinar HTTP/1.1" 200 116
::1 - - [21/Aug/2022:10:41:39 +0000] "DELETE /api/vvgnli/v1/admin/webinars/deleteWebinar HTTP/1.1" 200 116
::1 - - [21/Aug/2022:10:41:43 +0000] "DELETE /api/vvgnli/v1/admin/webinars/deleteWebinar HTTP/1.1" 200 116
::1 - - [21/Aug/2022:10:41:50 +0000] "DELETE /api/vvgnli/v1/admin/webinars/deleteWebinar HTTP/1.1" 200 116
::1 - - [21/Aug/2022:10:42:04 +0000] "DELETE /api/vvgnli/v1/admin/webinars/deleteWebinar HTTP/1.1" 200 116
::1 - - [21/Aug/2022:10:42:11 +0000] "DELETE /api/vvgnli/v1/admin/webinars/deleteWebinar HTTP/1.1" 200 116
::1 - - [21/Aug/2022:10:42:32 +0000] "DELETE /api/vvgnli/v1/admin/webinars/deleteWebinar HTTP/1.1" 200 116
::1 - - [21/Aug/2022:10:43:03 +0000] "DELETE /api/vvgnli/v1/admin/webinars/deleteWebinar HTTP/1.1" 200 48
::1 - - [21/Aug/2022:10:43:04 +0000] "DELETE /api/vvgnli/v1/admin/webinars/deleteWebinar HTTP/1.1" 200 48
::1 - - [21/Aug/2022:10:43:19 +0000] "DELETE /api/vvgnli/v1/admin/webinars/deleteWebinar HTTP/1.1" 200 116
::1 - - [21/Aug/2022:10:43:39 +0000] "DELETE /api/vvgnli/v1/admin/webinars/deleteWebinar HTTP/1.1" 200 48
::1 - - [21/Aug/2022:10:44:00 +0000] "DELETE /api/vvgnli/v1/admin/webinars/deleteWebinar HTTP/1.1" 200 116
::1 - - [21/Aug/2022:10:45:04 +0000] "DELETE /api/vvgnli/v1/admin/webinars/deleteWebinar HTTP/1.1" 200 48
::1 - - [21/Aug/2022:10:45:14 +0000] "GET /api/vvgnli/v1/admin/webinars/getWebinarInfo?webinarId=82357354990 HTTP/1.1" 404 44
::1 - - [21/Aug/2022:10:47:22 +0000] "GET /api/vvgnli/v1/admin/webinars/getWebinarInfo?webinarId=82357354990 HTTP/1.1" 404 49
::1 - - [21/Aug/2022:10:48:11 +0000] "GET /api/vvgnli/v1/admin/webinars/getWebinarInfo?webinarId=82357354990 HTTP/1.1" 404 49
::1 - - [21/Aug/2022:10:48:28 +0000] "GET /api/vvgnli/v1/admin/webinars/getWebinarInfo?webinarId=82357354990 HTTP/1.1" 403 56
::1 - - [21/Aug/2022:10:48:42 +0000] "GET /api/vvgnli/v1/admin/webinars/getWebinarInfo?webinarId=82357354990 HTTP/1.1" 404 86
::1 - - [21/Aug/2022:13:01:31 +0000] "POST /api/vvgnli/v1/admin/webinars/registerParticipant HTTP/1.1" 400 62
::1 - - [21/Aug/2022:13:01:53 +0000] "POST /api/vvgnli/v1/admin/webinars/registerParticipant HTTP/1.1" 400 75
::1 - - [21/Aug/2022:13:02:36 +0000] "POST /api/vvgnli/v1/admin/webinars/registerParticipant HTTP/1.1" 400 75
::1 - - [21/Aug/2022:13:02:51 +0000] "POST /api/vvgnli/v1/admin/webinars/registerParticipant HTTP/1.1" 400 75
::1 - - [21/Aug/2022:13:03:42 +0000] "POST /api/vvgnli/v1/admin/webinars/registerParticipant HTTP/1.1" 400 61
::1 - - [21/Aug/2022:13:03:49 +0000] "POST /api/vvgnli/v1/admin/webinars/registerParticipant HTTP/1.1" 200 65
::1 - - [21/Aug/2022:13:20:08 +0000] "POST /api/vvgnli/v1/signup HTTP/1.1" 201 62
::1 - - [21/Aug/2022:13:20:12 +0000] "POST /api/vvgnli/v1/login HTTP/1.1" 404 49
::1 - - [21/Aug/2022:13:20:23 +0000] "POST /api/vvgnli/v1/login HTTP/1.1" 403 68
::1 - - [21/Aug/2022:13:20:42 +0000] "GET /api/vvgnli/v1/verifyAccount?token=MDE5MjhmYWRkOWE5YmMwNA HTTP/1.1" 200 59
::1 - - [21/Aug/2022:13:20:42 +0000] "GET /favicon.ico HTTP/1.1" 404 97
::1 - - [21/Aug/2022:13:21:36 +0000] "POST /api/vvgnli/v1/login HTTP/1.1" 200 444
::1 - - [21/Aug/2022:13:21:43 +0000] "POST /api/vvgnli/v1/admin/webinars/registerParticipant HTTP/1.1" 404 61
::1 - - [21/Aug/2022:13:22:00 +0000] "POST /api/vvgnli/v1/admin/webinars/createNewWebinar HTTP/1.1" 404 49
::1 - - [21/Aug/2022:13:22:08 +0000] "POST /api/vvgnli/v1/admin/webinars/createNewWebinar HTTP/1.1" 403 56
::1 - - [21/Aug/2022:13:22:13 +0000] "POST /api/vvgnli/v1/admin/webinars/createNewWebinar HTTP/1.1" 403 56
::1 - - [21/Aug/2022:13:22:27 +0000] "POST /api/vvgnli/v1/admin/webinars/createNewWebinar HTTP/1.1" 201 81
::1 - - [21/Aug/2022:13:23:24 +0000] "GET /api/vvgnli/v1/admin/webinars/getWebinarInfo?webinarId=87409040552 HTTP/1.1" 404 49
::1 - - [21/Aug/2022:13:23:34 +0000] "GET /api/vvgnli/v1/admin/webinars/getWebinarInfo?webinarId=87409040552 HTTP/1.1" 200 1024
::1 - - [21/Aug/2022:13:23:47 +0000] "GET /api/vvgnli/v1/admin/webinars/getJoinedUsersInfo?webinarId=84653755702 HTTP/1.1" 404 49
::1 - - [21/Aug/2022:13:23:53 +0000] "GET /api/vvgnli/v1/admin/webinars/getJoinedUsersInfo?webinarId=84653755702 HTTP/1.1" 400 68
::1 - - [21/Aug/2022:13:24:06 +0000] "GET /api/vvgnli/v1/admin/webinars/getJoinedUsersInfo?webinarId=87409040552 HTTP/1.1" 200 101
::1 - - [21/Aug/2022:13:24:33 +0000] "POST /api/vvgnli/v1/admin/webinars/registerParticipant HTTP/1.1" 404 61
::1 - - [21/Aug/2022:13:24:39 +0000] "POST /api/vvgnli/v1/admin/webinars/registerParticipant HTTP/1.1" 404 61
::1 - - [21/Aug/2022:13:25:59 +0000] "POST /api/vvgnli/v1/admin/webinars/registerParticipant HTTP/1.1" 404 58
::1 - - [21/Aug/2022:13:29:34 +0000] "POST /api/vvgnli/v1/admin/webinars/registerParticipant HTTP/1.1" 404 58
::1 - - [21/Aug/2022:13:29:48 +0000] "POST /api/vvgnli/v1/admin/webinars/registerParticipant HTTP/1.1" 404 58
::1 - - [21/Aug/2022:13:30:07 +0000] "POST /api/vvgnli/v1/admin/webinars/registerParticipant HTTP/1.1" 404 58
::1 - - [21/Aug/2022:13:30:58 +0000] "POST /api/vvgnli/v1/admin/webinars/registerParticipant HTTP/1.1" 404 58
::1 - - [21/Aug/2022:13:31:25 +0000] "POST /api/vvgnli/v1/admin/webinars/registerParticipant HTTP/1.1" 404 58
::1 - - [21/Aug/2022:13:32:19 +0000] "POST /api/vvgnli/v1/admin/webinars/registerParticipant HTTP/1.1" 200 65
::1 - - [21/Aug/2022:13:33:47 +0000] "POST /api/vvgnli/v1/admin/webinars/registerParticipant HTTP/1.1" 200 65
::1 - - [21/Aug/2022:13:36:27 +0000] "POST /api/vvgnli/v1/admin/webinars/registerParticipant HTTP/1.1" 200 65
::1 - - [21/Aug/2022:13:58:55 +0000] "POST /api/vvgnli/v1/admin/webinars/registerParticipant HTTP/1.1" 200 86
::1 - - [21/Aug/2022:13:58:56 +0000] "POST /api/vvgnli/v1/admin/webinars/registerParticipant HTTP/1.1" 409 86
::1 - - [21/Aug/2022:13:58:57 +0000] "POST /api/vvgnli/v1/admin/webinars/registerParticipant HTTP/1.1" 409 86
::1 - - [21/Aug/2022:13:59:28 +0000] "POST /api/vvgnli/v1/admin/webinars/createNewWebinar HTTP/1.1" 201 81
::1 - - [21/Aug/2022:13:59:38 +0000] "POST /api/vvgnli/v1/admin/webinars/registerParticipant HTTP/1.1" 404 61
::1 - - [21/Aug/2022:13:59:42 +0000] "POST /api/vvgnli/v1/admin/webinars/registerParticipant HTTP/1.1" 200 65
::1 - - [21/Aug/2022:14:00:42 +0000] "POST /api/vvgnli/v1/admin/webinars/createNewWebinar HTTP/1.1" 201 81
::1 - - [21/Aug/2022:14:00:49 +0000] "POST /api/vvgnli/v1/admin/webinars/registerParticipant HTTP/1.1" 400 61
::1 - - [21/Aug/2022:14:00:52 +0000] "POST /api/vvgnli/v1/admin/webinars/registerParticipant HTTP/1.1" 400 61
::1 - - [21/Aug/2022:14:01:26 +0000] "POST /api/vvgnli/v1/admin/webinars/registerParticipant HTTP/1.1" 200 65
::1 - - [21/Aug/2022:14:14:14 +0000] "GET /api/vvgnli/v1/admin/webinars/getRegisteredUsers HTTP/1.1" 400 62
::1 - - [21/Aug/2022:14:21:53 +0000] "GET /api/vvgnli/v1/admin/webinars/getRegisteredUsers HTTP/1.1" - -
::1 - - [21/Aug/2022:14:21:55 +0000] "GET /api/vvgnli/v1/admin/webinars/getRegisteredUsers HTTP/1.1" - -
::1 - - [21/Aug/2022:14:23:49 +0000] "GET /api/vvgnli/v1/admin/webinars/getRegisteredUsers HTTP/1.1" 500 838
::1 - - [21/Aug/2022:14:24:17 +0000] "GET /api/vvgnli/v1/admin/webinars/getRegisteredUsers HTTP/1.1" 400 67
::1 - - [21/Aug/2022:14:24:30 +0000] "GET /api/vvgnli/v1/admin/webinars/getRegisteredUsers?webinarId=thisisaamplewebinarid HTTP/1.1" 200 31
::1 - - [21/Aug/2022:14:25:21 +0000] "GET /api/vvgnli/v1/admin/webinars/getRegisteredUsers?webinarId=thisisaamplewebinarid HTTP/1.1" 404 47
::1 - - [21/Aug/2022:14:25:34 +0000] "GET /api/vvgnli/v1/admin/webinars/getRegisteredUsers?webinarId=89649802474 HTTP/1.1" 404 47
::1 - - [21/Aug/2022:14:25:44 +0000] "GET /api/vvgnli/v1/admin/webinars/getRegisteredUsers?webinarId=89649802474 HTTP/1.1" 404 47
::1 - - [21/Aug/2022:14:25:58 +0000] "GET /api/vvgnli/v1/admin/webinars/getRegisteredUsers?webinarId=89649802474 HTTP/1.1" 404 47
::1 - - [21/Aug/2022:14:26:18 +0000] "GET /api/vvgnli/v1/admin/webinars/getRegisteredUsers?webinarId=89649802474 HTTP/1.1" 404 47
::1 - - [21/Aug/2022:14:26:39 +0000] "GET /api/vvgnli/v1/admin/webinars/getRegisteredUsers?webinarId=89649802474 HTTP/1.1" 200 211
::1 - - [21/Aug/2022:14:26:51 +0000] "GET /api/vvgnli/v1/admin/webinars/getRegisteredUsers?webinarId=89649802474 HTTP/1.1" 200 211
::1 - - [21/Aug/2022:14:27:17 +0000] "GET /api/vvgnli/v1/admin/webinars/getRegisteredUsers?webinarId=89649802474 HTTP/1.1" 200 16
::1 - - [21/Aug/2022:14:27:28 +0000] "GET /api/vvgnli/v1/admin/webinars/getRegisteredUsers?webinarId=89649802474 HTTP/1.1" 200 219
::1 - - [21/Aug/2022:14:27:47 +0000] "GET /api/vvgnli/v1/admin/webinars/getRegisteredUsers?webinarId=89649802474 HTTP/1.1" 200 167
::1 - - [21/Aug/2022:14:28:27 +0000] "GET /api/vvgnli/v1/admin/webinars/getRegisteredUsers?webinarId=89649802474 HTTP/1.1" 200 167
::1 - - [21/Aug/2022:14:28:30 +0000] "GET /api/vvgnli/v1/admin/webinars/getRegisteredUsers?webinarId=896498024745 HTTP/1.1" 404 47
::1 - - [21/Aug/2022:14:28:33 +0000] "GET /api/vvgnli/v1/admin/webinars/getRegisteredUsers?webinarId=89649802474 HTTP/1.1" 200 167
::1 - - [21/Aug/2022:18:08:12 +0000] "GET /api/vvgnli/v1/admin/webinars/getWebinarInfo?webinarId=87409040552 HTTP/1.1" 500 949
::1 - - [21/Aug/2022:18:09:28 +0000] "GET /api/vvgnli/v1/admin/webinars/getWebinarInfo?webinarId=87409040552 HTTP/1.1" 404 86
::1 - - [21/Aug/2022:18:10:08 +0000] "GET /api/vvgnli/v1/admin/webinars/getWebinarInfo?webinarId=89649802474 HTTP/1.1" 200 1024
::1 - - [21/Aug/2022:18:29:26 +0000] "POST /api/vvgnli/v1/admin/webinars/addParticipantJoinedFromPortal HTTP/1.1" 404 86
