::1 - - [25/Aug/2022:21:29:05 +0000] "POST /api/vvgnli/v1/login HTTP/1.1" 404 49
::1 - - [25/Aug/2022:21:30:39 +0000] "POST /api/vvgnli/v1/signup HTTP/1.1" 400 49
::1 - - [25/Aug/2022:21:31:23 +0000] "POST /api/vvgnli/v1/signup HTTP/1.1" 400 49
::1 - - [25/Aug/2022:21:34:28 +0000] "POST /api/vvgnli/v1/signup HTTP/1.1" 201 62
::1 - - [25/Aug/2022:21:34:51 +0000] "POST /api/vvgnli/v1/login HTTP/1.1" 403 68
::1 - - [25/Aug/2022:21:34:56 +0000] "GET /api/vvgnli/v1/verifyAccount?token=ZGQxMmRiYjRlMDY3ZTlhYg HTTP/1.1" 200 59
::1 - - [25/Aug/2022:21:35:00 +0000] "POST /api/vvgnli/v1/login HTTP/1.1" 200 424
::1 - - [25/Aug/2022:21:35:23 +0000] "POST /api/vvgnli/v1/login HTTP/1.1" 200 424
::1 - - [25/Aug/2022:21:36:28 +0000] "POST /api/vvgnli/v1/login HTTP/1.1" 200 440
::1 - - [25/Aug/2022:21:36:57 +0000] "POST /api/vvgnli/v1/forgot-password HTTP/1.1" 200 89
::1 - - [25/Aug/2022:21:37:07 +0000] "POST /api/vvgnli/v1/login HTTP/1.1" 404 49
::1 - - [25/Aug/2022:21:37:19 +0000] "POST /api/vvgnli/v1/login HTTP/1.1" 200 440
::1 - - [25/Aug/2022:21:37:55 +0000] "POST /api/vvgnli/v1/user/update-password HTTP/1.1" 200 71
::1 - - [25/Aug/2022:21:38:08 +0000] "POST /api/vvgnli/v1/login HTTP/1.1" 404 49
::1 - - [25/Aug/2022:21:38:17 +0000] "POST /api/vvgnli/v1/login HTTP/1.1" 200 440
::1 - - [25/Aug/2022:21:38:29 +0000] "GET /api/vvgnli/v1/verifyAccount?token=ZDM3NDk1OGEwZTRhNTg3NA HTTP/1.1" 400 56
::1 - - [25/Aug/2022:21:38:58 +0000] "POST /api/vvgnli/v1/uploadResearchWork HTTP/1.1" 400 62
::1 - - [25/Aug/2022:21:39:02 +0000] "POST /api/vvgnli/v1/uploadResearchWork HTTP/1.1" 400 47
::1 - - [25/Aug/2022:21:39:09 +0000] "POST /api/vvgnli/v1/uploadResearchWork HTTP/1.1" 400 47
::1 - - [25/Aug/2022:21:39:31 +0000] "POST /api/vvgnli/v1/uploadResearchWork HTTP/1.1" 400 44
::1 - - [25/Aug/2022:21:40:06 +0000] "POST /api/vvgnli/v1/upload HTTP/1.1" 200 147
::1 - - [25/Aug/2022:21:40:41 +0000] "GET /api/vvgnli/v1/uploadResearchWork HTTP/1.1" 404 97
::1 - - [25/Aug/2022:21:40:46 +0000] "POST /api/vvgnli/v1/uploadResearchWork HTTP/1.1" 400 62
::1 - - [25/Aug/2022:21:40:52 +0000] "POST /api/vvgnli/v1/uploadResearchWork HTTP/1.1" 400 47
::1 - - [25/Aug/2022:21:41:13 +0000] "POST /api/vvgnli/v1/uploadResearchWork HTTP/1.1" 400 44
::1 - - [25/Aug/2022:21:41:26 +0000] "POST /api/vvgnli/v1/uploadResearchWork HTTP/1.1" 200 147
::1 - - [25/Aug/2022:21:42:10 +0000] "POST /api/vvgnli/v1/postHandle?userId=dd12dbb4e067e9ab HTTP/1.1" 404 97
::1 - - [25/Aug/2022:21:42:20 +0000] "POST /api/vvgnli/v1/post/postHandle?userId=dd12dbb4e067e9ab HTTP/1.1" 400 54
::1 - - [25/Aug/2022:21:43:10 +0000] "POST /api/vvgnli/v1/post/postHandle?userId=dd12dbb4e067e9ab HTTP/1.1" 400 41
::1 - - [25/Aug/2022:21:43:23 +0000] "POST /api/vvgnli/v1/post/postHandle?userId=dd12dbb4e067e9ab HTTP/1.1" 400 246
::1 - - [25/Aug/2022:21:43:35 +0000] "POST /api/vvgnli/v1/post/postHandle?userId=dd12dbb4e067e9ab HTTP/1.1" 201 111
::1 - - [25/Aug/2022:21:43:41 +0000] "POST /api/vvgnli/v1/post/postHandle?userId=dd12dbb4e067e9ab HTTP/1.1" 400 162
::1 - - [25/Aug/2022:21:44:14 +0000] "GET /api/vvgnli/v1/getPendingPhotos?userId=dd12dbb4e067e9ab HTTP/1.1" 404 97
::1 - - [25/Aug/2022:21:44:21 +0000] "GET /api/vvgnli/v1/post/getPendingPhotos?userId=dd12dbb4e067e9ab HTTP/1.1" 403 56
::1 - - [25/Aug/2022:21:44:45 +0000] "GET /api/vvgnli/v1/post/getPendingPhotos?userId=dd12dbb4e067e9ab HTTP/1.1" 200 94
::1 - - [25/Aug/2022:21:44:54 +0000] "GET /api/vvgnli/v1/getPendingVideos HTTP/1.1" 404 97
::1 - - [25/Aug/2022:21:44:59 +0000] "GET /api/vvgnli/v1/post/getPendingVideos HTTP/1.1" 404 49
::1 - - [25/Aug/2022:21:45:02 +0000] "GET /api/vvgnli/v1/post/getPendingVideos?userId=2f5f253c9bbd8594 HTTP/1.1" 404 49
::1 - - [25/Aug/2022:21:45:07 +0000] "GET /api/vvgnli/v1/post/getPendingVideos?userId=dd12dbb4e067e9ab HTTP/1.1" 404 49
::1 - - [25/Aug/2022:21:45:09 +0000] "GET /api/vvgnli/v1/post/getPendingVideos?userId=dd12dbb4e067e9ab HTTP/1.1" 404 49
::1 - - [25/Aug/2022:21:45:17 +0000] "GET /api/vvgnli/v1/post/getPendingVideos?userId=dd12dbb4e067e9ab HTTP/1.1" 200 94
::1 - - [25/Aug/2022:21:45:56 +0000] "POST /api/vvgnli/v1/post/postHandle?userId=dd12dbb4e067e9ab HTTP/1.1" 201 111
::1 - - [25/Aug/2022:21:46:00 +0000] "GET /api/vvgnli/v1/post/getPendingPhotos?userId=dd12dbb4e067e9ab HTTP/1.1" 200 94
::1 - - [25/Aug/2022:21:48:23 +0000] "GET /api/vvgnli/v1/post/getPendingPhotos?userId=dd12dbb4e067e9ab HTTP/1.1" 400 93
::1 - - [25/Aug/2022:21:48:30 +0000] "GET /api/vvgnli/v1/post/getPendingPhotos?userId=dd12dbb4e067e9ab HTTP/1.1" 200 94
::1 - - [25/Aug/2022:21:48:50 +0000] "GET /api/vvgnli/v1/post/getPendingPhotos?userId=dd12dbb4e067e9ab HTTP/1.1" 200 94
::1 - - [25/Aug/2022:21:50:10 +0000] "GET /api/vvgnli/v1/post/getPendingPhotos?userId=dd12dbb4e067e9ab HTTP/1.1" 200 94
::1 - - [25/Aug/2022:21:50:31 +0000] "GET /api/vvgnli/v1/getApprovedPhotos HTTP/1.1" 404 97
::1 - - [25/Aug/2022:21:50:36 +0000] "GET /api/vvgnli/v1/post/getApprovedPhotos HTTP/1.1" 400 282
::1 - - [25/Aug/2022:21:51:28 +0000] "GET /api/vvgnli/v1/post/getApprovedPhotos HTTP/1.1" 200 321
::1 - - [25/Aug/2022:21:53:20 +0000] "GET /api/vvgnli/v1/post/getApprovedPhotos HTTP/1.1" 200 337
::1 - - [25/Aug/2022:21:53:52 +0000] "POST /api/vvgnli/v1/updatePostStatus?userId=9c6447306bb063f1 HTTP/1.1" 404 97
::1 - - [25/Aug/2022:21:54:00 +0000] "GET /api/vvgnli/v1/admin/getUserDetails?userId=9c6447306bb063f1&count=true HTTP/1.1" 400 93
::1 - - [25/Aug/2022:21:54:09 +0000] "GET /api/vvgnli/v1/admin/getUserDetails?userId=9c6447306bb063f1&count=true HTTP/1.1" 404 49
::1 - - [25/Aug/2022:21:54:15 +0000] "GET /api/vvgnli/v1/admin/getUserDetails?userId=9c6447306bb063f1&count=true HTTP/1.1" 200 108
::1 - - [25/Aug/2022:21:54:21 +0000] "GET /api/vvgnli/v1/admin/getUserDetails?userId=9c6447306bb063f1 HTTP/1.1" 200 196
::1 - - [25/Aug/2022:21:54:26 +0000] "GET /api/vvgnli/v1/admin/getUserDetails?userId=9c6447306bb063f1&count=true HTTP/1.1" 200 108
::1 - - [25/Aug/2022:21:54:35 +0000] "GET /api/vvgnli/v1/admin/getUserDetails?userId=9c6447306bb063f1 HTTP/1.1" 200 196
::1 - - [25/Aug/2022:21:55:10 +0000] "GET /api/vvgnli/v1/admin/getUserDetails?userId=9c6447306bb063f1 HTTP/1.1" 200 212
::1 - - [25/Aug/2022:21:55:17 +0000] "GET /api/vvgnli/v1/admin/getUserDetails?userId=9c6447306bb063f1 HTTP/1.1" 200 92
::1 - - [25/Aug/2022:21:55:21 +0000] "GET /api/vvgnli/v1/admin/getUserDetails?userId=9c6447306bb063f1 HTTP/1.1" 200 212
::1 - - [25/Aug/2022:21:55:37 +0000] "GET /api/vvgnli/v1/admin/getUserDetails?userId=9c6447306bb063f1&count=true HTTP/1.1" 400 93
::1 - - [25/Aug/2022:21:55:44 +0000] "GET /api/vvgnli/v1/admin/getUserDetails?userId=9c6447306bb063f1&count=true HTTP/1.1" 404 49
::1 - - [25/Aug/2022:21:55:54 +0000] "GET /api/vvgnli/v1/admin/getUserDetails?userId=9c6447306bb063f1&count=true HTTP/1.1" 200 108
::1 - - [25/Aug/2022:21:56:00 +0000] "GET /api/vvgnli/v1/admin/getUserDetails?userId=9c6447306bb063f1 HTTP/1.1" 200 212
::1 - - [25/Aug/2022:21:56:14 +0000] "GET /api/vvgnli/v1/admin/getUserDetails?userId=9c6447306bb063f1&count=true HTTP/1.1" 200 108
::1 - - [25/Aug/2022:21:57:24 +0000] "POST /api/vvgnli/v1/admin/webinars/createNewWebinar HTTP/1.1" 400 93
::1 - - [25/Aug/2022:21:57:30 +0000] "POST /api/vvgnli/v1/admin/webinars/createNewWebinar?state=state HTTP/1.1" 400 93
::1 - - [25/Aug/2022:21:57:34 +0000] "POST /api/vvgnli/v1/admin/webinars/createNewWebinar?state=state HTTP/1.1" 400 93
::1 - - [25/Aug/2022:21:57:35 +0000] "POST /api/vvgnli/v1/admin/webinars/createNewWebinar?state=state HTTP/1.1" 400 93
::1 - - [25/Aug/2022:21:57:36 +0000] "POST /api/vvgnli/v1/admin/webinars/createNewWebinar?state=state HTTP/1.1" 400 93
::1 - - [25/Aug/2022:21:57:37 +0000] "POST /api/vvgnli/v1/admin/webinars/createNewWebinar?state=state HTTP/1.1" 400 93
::1 - - [25/Aug/2022:21:57:50 +0000] "POST /api/vvgnli/v1/admin/webinars/createNewWebinar HTTP/1.1" 404 49
::1 - - [25/Aug/2022:21:58:00 +0000] "POST /api/vvgnli/v1/admin/webinars/createNewWebinar HTTP/1.1" 201 81
::1 - - [25/Aug/2022:22:00:56 +0000] "POST /api/vvgnli/v1/admin/webinars/createNewWebinar HTTP/1.1" 201 81
::1 - - [26/Aug/2022:02:14:47 +0000] "POST /api/vvgnli/v1/admin/webinars/createNewWebinar HTTP/1.1" 500 107
::1 - - [26/Aug/2022:02:15:56 +0000] "POST /api/vvgnli/v1/admin/webinars/createNewWebinar HTTP/1.1" 500 107
::1 - - [26/Aug/2022:02:17:16 +0000] "POST /api/vvgnli/v1/admin/webinars/createNewWebinar HTTP/1.1" 500 107
::1 - - [26/Aug/2022:02:18:05 +0000] "POST /api/vvgnli/v1/admin/webinars/createNewWebinar HTTP/1.1" 201 81
::1 - - [26/Aug/2022:02:18:25 +0000] "POST /api/vvgnli/v1/admin/webinars/createNewWebinar HTTP/1.1" 201 81
::1 - - [26/Aug/2022:02:18:29 +0000] "POST /api/vvgnli/v1/admin/webinars/createNewWebinar HTTP/1.1" 201 81
::1 - - [26/Aug/2022:02:18:47 +0000] "POST /api/vvgnli/v1/admin/webinars/createNewWebinar HTTP/1.1" 201 81
::1 - - [26/Aug/2022:02:18:57 +0000] "POST /api/vvgnli/v1/admin/webinars/createNewWebinar HTTP/1.1" 201 81
::1 - - [26/Aug/2022:02:19:07 +0000] "POST /api/vvgnli/v1/admin/webinars/createNewWebinar HTTP/1.1" 201 81
::1 - - [26/Aug/2022:02:19:23 +0000] "POST /api/vvgnli/v1/admin/webinars/createNewWebinar HTTP/1.1" 201 81
::1 - - [26/Aug/2022:02:19:55 +0000] "POST /api/vvgnli/v1/admin/webinars/createNewWebinar HTTP/1.1" 201 81
::1 - - [26/Aug/2022:02:22:58 +0000] "GET /api/vvgnli/v1/admin/webinars/getFutureWebinars HTTP/1.1" 400 93
::1 - - [26/Aug/2022:02:23:53 +0000] "GET /api/vvgnli/v1/admin/webinars/getFutureWebinars HTTP/1.1" 200 7534
::1 - - [26/Aug/2022:02:24:18 +0000] "GET /api/vvgnli/v1/admin/webinars/getFutureWebinars HTTP/1.1" 200 30
::1 - - [26/Aug/2022:02:24:20 +0000] "GET /api/vvgnli/v1/admin/webinars/getFutureWebinars HTTP/1.1" 200 7534
::1 - - [26/Aug/2022:02:25:09 +0000] "GET /api/vvgnli/v1/admin/webinars/getFutureWebinars HTTP/1.1" 200 7534
::1 - - [26/Aug/2022:02:30:28 +0000] "GET /api/vvgnli/v1/admin/webinars/getFutureWebinars HTTP/1.1" 200 1905
::1 - - [26/Aug/2022:02:30:38 +0000] "GET /api/vvgnli/v1/admin/webinars/getFutureWebinars HTTP/1.1" 200 1919
::1 - - [26/Aug/2022:02:30:49 +0000] "GET /api/vvgnli/v1/admin/webinars/getFutureWebinars HTTP/1.1" 200 30
::1 - - [26/Aug/2022:02:30:53 +0000] "GET /api/vvgnli/v1/admin/webinars/getFutureWebinars HTTP/1.1" 200 1905
::1 - - [26/Aug/2022:02:31:27 +0000] "GET /api/vvgnli/v1/admin/webinars/getPastWebinars HTTP/1.1" 400 56
::1 - - [26/Aug/2022:02:31:33 +0000] "GET /api/vvgnli/v1/admin/webinars/getPastWebinars HTTP/1.1" 200 30
::1 - - [26/Aug/2022:02:34:30 +0000] "GET /api/vvgnli/v1/admin/webinars/getPastWebinars HTTP/1.1" 200 30
::1 - - [26/Aug/2022:02:34:46 +0000] "GET /api/vvgnli/v1/admin/webinars/getPastWebinars HTTP/1.1" 200 162
::1 - - [26/Aug/2022:02:34:57 +0000] "GET /api/vvgnli/v1/admin/webinars/getPastWebinars HTTP/1.1" 200 30
::1 - - [26/Aug/2022:02:40:19 +0000] "GET /api/vvgnli/v1/admin/webinars/getPastWebinars HTTP/1.1" 200 171
::1 - - [26/Aug/2022:02:40:34 +0000] "GET /api/vvgnli/v1/admin/webinars/getPastWebinars HTTP/1.1" 200 30
::1 - - [26/Aug/2022:02:41:07 +0000] "GET /api/vvgnli/v1/admin/webinars/getOngoingWebinars HTTP/1.1" 400 93
::1 - - [26/Aug/2022:02:41:13 +0000] "GET /api/vvgnli/v1/admin/webinars/getOngoingWebinars HTTP/1.1" 200 984
::1 - - [26/Aug/2022:02:41:31 +0000] "GET /api/vvgnli/v1/admin/webinars/getPastWebinars HTTP/1.1" 200 162
::1 - - [26/Aug/2022:02:45:41 +0000] "GET /api/vvgnli/v1/admin/webinars/getPastWebinars HTTP/1.1" 200 162
::1 - - [26/Aug/2022:02:45:42 +0000] "GET /api/vvgnli/v1/admin/webinars/getPastWebinars HTTP/1.1" 200 162
::1 - - [26/Aug/2022:02:46:12 +0000] "POST /api/vvgnli/v1/admin/webinars/createNewWebinar HTTP/1.1" 201 81
::1 - - [26/Aug/2022:02:46:35 +0000] "GET /api/vvgnli/v1/admin/webinars/getOngoingWebinars HTTP/1.1" 200 30
::1 - - [26/Aug/2022:02:46:40 +0000] "GET /api/vvgnli/v1/admin/webinars/getPastWebinars HTTP/1.1" 200 30
::1 - - [26/Aug/2022:02:46:51 +0000] "GET /api/vvgnli/v1/admin/webinars/getFutureWebinars HTTP/1.1" 200 987
::1 - - [26/Aug/2022:02:47:08 +0000] "GET /api/vvgnli/v1/admin/webinars/getFutureWebinars HTTP/1.1" 200 987
::1 - - [26/Aug/2022:02:47:09 +0000] "GET /api/vvgnli/v1/admin/webinars/getFutureWebinars HTTP/1.1" 200 987
::1 - - [26/Aug/2022:02:47:10 +0000] "GET /api/vvgnli/v1/admin/webinars/getFutureWebinars HTTP/1.1" 200 30
::1 - - [26/Aug/2022:02:47:16 +0000] "GET /api/vvgnli/v1/admin/webinars/getOngoingWebinars HTTP/1.1" 200 986
::1 - - [26/Aug/2022:02:47:29 +0000] "GET /api/vvgnli/v1/admin/webinars/getOngoingWebinars HTTP/1.1" 200 30
::1 - - [26/Aug/2022:02:47:33 +0000] "GET /api/vvgnli/v1/admin/webinars/getPastWebinars HTTP/1.1" 200 164
::1 - - [26/Aug/2022:02:48:35 +0000] "POST /api/vvgnli/v1/admin/webinars/createNewWebinar HTTP/1.1" 201 81
::1 - - [26/Aug/2022:02:48:57 +0000] "GET /api/vvgnli/v1/admin/webinars/getPastWebinars HTTP/1.1" 200 164
::1 - - [26/Aug/2022:02:49:00 +0000] "GET /api/vvgnli/v1/admin/webinars/getOngoingWebinars HTTP/1.1" 200 30
::1 - - [26/Aug/2022:02:49:02 +0000] "GET /api/vvgnli/v1/admin/webinars/getFutureWebinars HTTP/1.1" 200 987
::1 - - [26/Aug/2022:02:49:08 +0000] "GET /api/vvgnli/v1/admin/webinars/getFutureWebinars HTTP/1.1" 200 987
::1 - - [26/Aug/2022:02:49:09 +0000] "GET /api/vvgnli/v1/admin/webinars/getFutureWebinars HTTP/1.1" 200 987
::1 - - [26/Aug/2022:02:49:10 +0000] "GET /api/vvgnli/v1/admin/webinars/getFutureWebinars HTTP/1.1" 200 987
::1 - - [26/Aug/2022:02:49:11 +0000] "GET /api/vvgnli/v1/admin/webinars/getFutureWebinars HTTP/1.1" 200 987
::1 - - [26/Aug/2022:02:49:12 +0000] "GET /api/vvgnli/v1/admin/webinars/getFutureWebinars HTTP/1.1" 200 987
::1 - - [26/Aug/2022:02:49:12 +0000] "GET /api/vvgnli/v1/admin/webinars/getFutureWebinars HTTP/1.1" 200 30
::1 - - [26/Aug/2022:02:49:16 +0000] "GET /api/vvgnli/v1/admin/webinars/getOngoingWebinars HTTP/1.1" 200 986
::1 - - [26/Aug/2022:02:57:51 +0000] "GET /api/vvgnli/v1/admin/webinars/getPastWebinars HTTP/1.1" 200 299
::1 - - [26/Aug/2022:02:58:17 +0000] "GET /api/vvgnli/v1/admin/webinars/getPastWebinars HTTP/1.1" 200 174
::1 - - [26/Aug/2022:05:37:37 +0000] "POST /api/vvgnli/v1/admin/webinars/createNewWebinar HTTP/1.1" 500 104
::1 - - [26/Aug/2022:05:45:49 +0000] "POST /api/vvgnli/v1/admin/webinars/createNewWebinar HTTP/1.1" 500 104
::1 - - [26/Aug/2022:05:47:00 +0000] "POST /api/vvgnli/v1/admin/webinars/createNewWebinar HTTP/1.1" 500 104
::1 - - [26/Aug/2022:05:48:42 +0000] "POST /api/vvgnli/v1/admin/webinars/createNewWebinar HTTP/1.1" 201 81
::1 - - [26/Aug/2022:06:31:31 +0000] "GET /api/vvgnli/v1/post/getPendingPhotos HTTP/1.1" 400 282
::1 - - [26/Aug/2022:06:32:52 +0000] "GET /api/vvgnli/v1/post/getPendingPhotos HTTP/1.1" 200 320
::1 - - [26/Aug/2022:06:33:20 +0000] "GET /api/vvgnli/v1/post/getPendingPhotos HTTP/1.1" 200 94
::1 - - [26/Aug/2022:06:47:47 +0000] "POST /api/vvgnli/v1/upload HTTP/1.1" 400 93
::1 - - [26/Aug/2022:06:47:58 +0000] "POST /api/vvgnli/v1/upload HTTP/1.1" 400 93
::1 - - [26/Aug/2022:06:48:31 +0000] "POST /api/vvgnli/v1/upload HTTP/1.1" 400 93
::1 - - [26/Aug/2022:06:48:41 +0000] "POST /api/vvgnli/v1/upload HTTP/1.1" 400 93
::1 - - [26/Aug/2022:06:49:06 +0000] "POST /api/vvgnli/v1/upload HTTP/1.1" 200 147
::1 - - [26/Aug/2022:07:00:35 +0000] "POST /api/vvgnli/v1/post/postHandle HTTP/1.1" 400 93
::1 - - [26/Aug/2022:07:00:45 +0000] "POST /api/vvgnli/v1/post/postHandle HTTP/1.1" 400 41
::1 - - [26/Aug/2022:07:00:54 +0000] "POST /api/vvgnli/v1/post/postHandle HTTP/1.1" 400 119
::1 - - [26/Aug/2022:07:15:02 +0000] "POST /api/vvgnli/v1/post/postHandle HTTP/1.1" 400 119
::1 - - [26/Aug/2022:07:15:39 +0000] "POST /api/vvgnli/v1/post/postHandle HTTP/1.1" 400 119
::1 - - [26/Aug/2022:07:16:07 +0000] "POST /api/vvgnli/v1/post/postHandle HTTP/1.1" 400 119
::1 - - [26/Aug/2022:07:16:49 +0000] "POST /api/vvgnli/v1/post/postHandle HTTP/1.1" 400 119
::1 - - [26/Aug/2022:07:17:19 +0000] "POST /api/vvgnli/v1/post/postHandle HTTP/1.1" 400 119
::1 - - [26/Aug/2022:09:18:21 +0000] "GET /api/vvgnli/v1/admin/webinars/getPastWebinars HTTP/1.1" 200 652
::1 - - [26/Aug/2022:09:18:59 +0000] "GET /api/vvgnli/v1/admin/webinars/getOngoingWebinars HTTP/1.1" 200 30
::1 - - [26/Aug/2022:09:19:02 +0000] "GET /api/vvgnli/v1/admin/webinars/getFutureWebinars HTTP/1.1" 200 30
::1 - - [26/Aug/2022:09:19:09 +0000] "GET /api/vvgnli/v1/admin/webinars/getFutureWebinars HTTP/1.1" 200 1109
::1 - - [26/Aug/2022:09:19:23 +0000] "GET /api/vvgnli/v1/admin/webinars/getFutureWebinars HTTP/1.1" 200 990
::1 - - [26/Aug/2022:09:21:03 +0000] "GET /api/vvgnli/v1/admin/webinars/getFutureWebinars HTTP/1.1" 200 1103
::1 - - [26/Aug/2022:09:22:30 +0000] "GET /api/vvgnli/v1/admin/webinars/getFutureWebinars HTTP/1.1" 200 1103
